<?xml version="1.0" encoding="UTF-8"?>
<robot generator="Robot 6.1.1 (Python 3.12.0 on win32)" generated="20231123 23:29:06.571" rpa="false" schemaversion="4">
<suite id="s1" name="Optimy-Automation-Tester" source="E:\New folder\optimy-exams\optimy-auto-exam\optimy-automation-tester.robot">
<test id="s1-t1" name="Verify successful submission of a new application is rerunnable for 10 times" line="23">
<kw name="Open Browser and Allow Cookies" type="SETUP">
<kw name="Open Browser" library="Selenium2Library">
<arg>${URL}</arg>
<arg>${BROWSER}</arg>
<doc>Opens a new browser instance to the optional ``url``.</doc>
<msg timestamp="20231123 23:29:06.797" level="INFO">Opening browser 'Chrome' to base url 'https://automationinterface1.front.staging.optimy.net/en/'.</msg>
<status status="PASS" starttime="20231123 23:29:06.797" endtime="20231123 23:29:12.647"/>
</kw>
<kw name="Maximize Browser Window" library="Selenium2Library">
<doc>Maximizes current browser window.</doc>
<status status="PASS" starttime="20231123 23:29:12.647" endtime="20231123 23:29:12.781"/>
</kw>
<kw name="Run Keyword And Return Status" library="BuiltIn">
<var>${allowCookies}</var>
<arg>Page Should Contain Button</arg>
<arg>css=#cookie-allow-all-button</arg>
<doc>Runs the given keyword with given arguments and returns the status as a Boolean value.</doc>
<kw name="Page Should Contain Button" library="Selenium2Library">
<arg>css=#cookie-allow-all-button</arg>
<doc>Verifies button ``locator`` is found from current page.</doc>
<msg timestamp="20231123 23:29:12.823" level="INFO">Current page contains button 'css=#cookie-allow-all-button'.</msg>
<status status="PASS" starttime="20231123 23:29:12.781" endtime="20231123 23:29:12.823"/>
</kw>
<msg timestamp="20231123 23:29:12.823" level="INFO">${allowCookies} = True</msg>
<status status="PASS" starttime="20231123 23:29:12.781" endtime="20231123 23:29:12.823"/>
</kw>
<if>
<branch type="IF" condition="'${allowCookies}'=='True'">
<kw name="Click Button" library="Selenium2Library">
<arg>css=#cookie-allow-all-button</arg>
<doc>Clicks the button identified by ``locator``.</doc>
<msg timestamp="20231123 23:29:12.824" level="INFO">Clicking button 'css=#cookie-allow-all-button'.</msg>
<status status="PASS" starttime="20231123 23:29:12.823" endtime="20231123 23:29:12.891"/>
</kw>
<status status="PASS" starttime="20231123 23:29:12.823" endtime="20231123 23:29:12.891"/>
</branch>
<status status="PASS" starttime="20231123 23:29:12.823" endtime="20231123 23:29:12.891"/>
</if>
<status status="PASS" starttime="20231123 23:29:06.797" endtime="20231123 23:29:12.891"/>
</kw>
<kw name="Given Applicant's Personal Details">
<kw name="Create Dictionary" library="BuiltIn">
<var>&amp;{personalInfo}</var>
<arg>firstName=testFN</arg>
<arg>lastName=testLN</arg>
<arg>extension=testExt</arg>
<arg>address=testAdd</arg>
<arg>postalCode=1000</arg>
<arg>careerObj=testCO</arg>
<doc>Creates and returns a dictionary based on the given ``items``.</doc>
<msg timestamp="20231123 23:29:12.891" level="INFO">&amp;{personalInfo} = { firstName=testFN | lastName=testLN | extension=testExt | address=testAdd | postalCode=1000 | careerObj=testCO }</msg>
<status status="PASS" starttime="20231123 23:29:12.891" endtime="20231123 23:29:12.891"/>
</kw>
<kw name="Set Test Variable" library="BuiltIn">
<arg>&amp;{personalInfo}</arg>
<doc>Makes a variable available everywhere within the scope of the current test.</doc>
<msg timestamp="20231123 23:29:12.891" level="INFO">&amp;{personalInfo} = { firstName=testFN | lastName=testLN | extension=testExt | address=testAdd | postalCode=1000 | careerObj=testCO }</msg>
<status status="PASS" starttime="20231123 23:29:12.891" endtime="20231123 23:29:12.891"/>
</kw>
<status status="PASS" starttime="20231123 23:29:12.891" endtime="20231123 23:29:12.891"/>
</kw>
<kw name="And Home Page is displayed with Login button">
<kw name="Wait Until Page Contains Element" library="Selenium2Library">
<arg>css=.btn-outline-primary</arg>
<doc>Waits until the element ``locator`` appears on the current page.</doc>
<status status="PASS" starttime="20231123 23:29:12.891" endtime="20231123 23:29:12.908"/>
</kw>
<kw name="Click Element" library="Selenium2Library">
<arg>css=.btn-outline-primary</arg>
<doc>Click the element identified by ``locator``.</doc>
<msg timestamp="20231123 23:29:12.909" level="INFO">Clicking element 'css=.btn-outline-primary'.</msg>
<status status="PASS" starttime="20231123 23:29:12.908" endtime="20231123 23:29:15.423"/>
</kw>
<status status="PASS" starttime="20231123 23:29:12.891" endtime="20231123 23:29:15.423"/>
</kw>
<kw name="When Applicant logs in">
<kw name="Wait Until Page Contains" library="Selenium2Library">
<arg>Sign in</arg>
<doc>Waits until ``text`` appears on the current page.</doc>
<status status="PASS" starttime="20231123 23:29:15.423" endtime="20231123 23:29:15.439"/>
</kw>
<kw name="Click Element" library="Selenium2Library">
<arg>css=#login-email</arg>
<doc>Click the element identified by ``locator``.</doc>
<msg timestamp="20231123 23:29:15.439" level="INFO">Clicking element 'css=#login-email'.</msg>
<status status="PASS" starttime="20231123 23:29:15.439" endtime="20231123 23:29:15.493"/>
</kw>
<kw name="Input Text" library="Selenium2Library">
<arg>css=#login-email</arg>
<arg>${username}</arg>
<doc>Types the given ``text`` into the text field identified by ``locator``.</doc>
<msg timestamp="20231123 23:29:15.493" level="INFO">Typing text 'optimyautomationtester@gmail.com' into text field 'css=#login-email'.</msg>
<status status="PASS" starttime="20231123 23:29:15.493" endtime="20231123 23:29:15.594"/>
</kw>
<kw name="Click Element" library="Selenium2Library">
<arg>css=#login-password</arg>
<doc>Click the element identified by ``locator``.</doc>
<msg timestamp="20231123 23:29:15.595" level="INFO">Clicking element 'css=#login-password'.</msg>
<status status="PASS" starttime="20231123 23:29:15.594" endtime="20231123 23:29:15.654"/>
</kw>
<kw name="Input Text" library="Selenium2Library">
<arg>css=#login-password</arg>
<arg>${password}</arg>
<doc>Types the given ``text`` into the text field identified by ``locator``.</doc>
<msg timestamp="20231123 23:29:15.654" level="INFO">Typing text 'yRMhojb7' into text field 'css=#login-password'.</msg>
<status status="PASS" starttime="20231123 23:29:15.654" endtime="20231123 23:29:15.719"/>
</kw>
<kw name="Click Button" library="Selenium2Library">
<arg>css=.mt-md-2</arg>
<doc>Clicks the button identified by ``locator``.</doc>
<msg timestamp="20231123 23:29:15.720" level="INFO">Clicking button 'css=.mt-md-2'.</msg>
<status status="PASS" starttime="20231123 23:29:15.720" endtime="20231123 23:29:17.372"/>
</kw>
<status status="PASS" starttime="20231123 23:29:15.423" endtime="20231123 23:29:17.373"/>
</kw>
<kw name="Then Applicant is able to submit application 10 times">
<for flavor="IN RANGE">
<var>${counter}</var>
<value>0</value>
<value>10</value>
<iter>
<var name="${counter}">0</var>
<kw name="Log" library="BuiltIn">
<arg>${counter}</arg>
<doc>Logs the given message with the given level.</doc>
<msg timestamp="20231123 23:29:17.376" level="INFO">0</msg>
<status status="PASS" starttime="20231123 23:29:17.376" endtime="20231123 23:29:17.376"/>
</kw>
<kw name="And Applicant continues to submmit application">
<kw name="Wait Until Page Contains Element" library="Selenium2Library">
<arg>css=.col-md-auto</arg>
<doc>Waits until the element ``locator`` appears on the current page.</doc>
<status status="PASS" starttime="20231123 23:29:17.378" endtime="20231123 23:29:17.395"/>
</kw>
<kw name="Set Focus To Element" library="Selenium2Library">
<arg>css=.col-md-auto</arg>
<doc>Sets the focus to the element identified by ``locator``.</doc>
<status status="PASS" starttime="20231123 23:29:17.395" endtime="20231123 23:29:17.395"/>
</kw>
<kw name="Click Link" library="Selenium2Library">
<arg>css=.col-md-auto</arg>
<doc>Clicks a link identified by ``locator``.</doc>
<msg timestamp="20231123 23:29:17.395" level="INFO">Clicking link 'css=.col-md-auto'.</msg>
<status status="PASS" starttime="20231123 23:29:17.395" endtime="20231123 23:29:20.062"/>
</kw>
<kw name="Run Keyword And Return Status" library="BuiltIn">
<var>${continue}</var>
<arg>Page Should Contain</arg>
<arg>Continue with the submission of the application</arg>
<doc>Runs the given keyword with given arguments and returns the status as a Boolean value.</doc>
<kw name="Page Should Contain" library="Selenium2Library">
<arg>Continue with the submission of the application</arg>
<doc>Verifies that current page contains ``text``.</doc>
<msg timestamp="20231123 23:29:20.078" level="INFO">Current page contains text 'Continue with the submission of the application'.</msg>
<status status="PASS" starttime="20231123 23:29:20.062" endtime="20231123 23:29:20.078"/>
</kw>
<msg timestamp="20231123 23:29:20.078" level="INFO">${continue} = True</msg>
<status status="PASS" starttime="20231123 23:29:20.062" endtime="20231123 23:29:20.078"/>
</kw>
<if>
<branch type="IF" condition="'${continue}'=='True'">
<kw name="Page Should Contain Element" library="Selenium2Library">
<arg>css=.btn-outline-primary</arg>
<doc>Verifies that element ``locator`` is found on the current page.</doc>
<msg timestamp="20231123 23:29:20.100" level="INFO">Current page contains element 'css=.btn-outline-primary'.</msg>
<status status="PASS" starttime="20231123 23:29:20.078" endtime="20231123 23:29:20.100"/>
</kw>
<status status="PASS" starttime="20231123 23:29:20.078" endtime="20231123 23:29:20.100"/>
</branch>
<branch type="ELSE">
<kw name="Wait Until Page Contains" library="Selenium2Library">
<arg>Continue with the submission of the application</arg>
<doc>Waits until ``text`` appears on the current page.</doc>
<status status="NOT RUN" starttime="20231123 23:29:20.100" endtime="20231123 23:29:20.100"/>
</kw>
<status status="NOT RUN" starttime="20231123 23:29:20.100" endtime="20231123 23:29:20.100"/>
</branch>
<status status="PASS" starttime="20231123 23:29:20.078" endtime="20231123 23:29:20.100"/>
</if>
<kw name="Click Element" library="Selenium2Library">
<arg>css=.btn-outline-primary</arg>
<doc>Click the element identified by ``locator``.</doc>
<msg timestamp="20231123 23:29:20.101" level="INFO">Clicking element 'css=.btn-outline-primary'.</msg>
<status status="PASS" starttime="20231123 23:29:20.100" endtime="20231123 23:29:25.051"/>
</kw>
<status status="PASS" starttime="20231123 23:29:17.377" endtime="20231123 23:29:25.051"/>
</kw>
<kw name="Then Applicant is able to fill out the form">
<kw name="Wait Until Page Contains" library="Selenium2Library">
<arg>Fill-out all forms</arg>
<doc>Waits until ``text`` appears on the current page.</doc>
<status status="PASS" starttime="20231123 23:29:25.051" endtime="20231123 23:29:25.059"/>
</kw>
<kw name="Wait Until Page Contains Element" library="Selenium2Library">
<arg>xpath=//*[@id="629d7b5a-f6a1-5a14-ac1d-21b2fafdbdef"]</arg>
<doc>Waits until the element ``locator`` appears on the current page.</doc>
<status status="PASS" starttime="20231123 23:29:25.059" endtime="20231123 23:29:25.092"/>
</kw>
<kw name="Set Focus To Element" library="Selenium2Library">
<arg>xpath=//*[@id="629d7b5a-f6a1-5a14-ac1d-21b2fafdbdef"]</arg>
<doc>Sets the focus to the element identified by ``locator``.</doc>
<status status="PASS" starttime="20231123 23:29:25.092" endtime="20231123 23:29:25.107"/>
</kw>
<kw name="Click Element" library="Selenium2Library">
<arg>xpath=//*[@id="629d7b5a-f6a1-5a14-ac1d-21b2fafdbdef"]</arg>
<doc>Click the element identified by ``locator``.</doc>
<msg timestamp="20231123 23:29:25.107" level="INFO">Clicking element 'xpath=//*[@id="629d7b5a-f6a1-5a14-ac1d-21b2fafdbdef"]'.</msg>
<status status="PASS" starttime="20231123 23:29:25.107" endtime="20231123 23:29:25.158"/>
</kw>
<kw name="Input Text" library="Selenium2Library">
<arg>xpath=//*[@id="629d7b5a-f6a1-5a14-ac1d-21b2fafdbdef"]</arg>
<arg>${personalInfo.firstName}</arg>
<doc>Types the given ``text`` into the text field identified by ``locator``.</doc>
<msg timestamp="20231123 23:29:25.159" level="INFO">Typing text 'testFN' into text field 'xpath=//*[@id="629d7b5a-f6a1-5a14-ac1d-21b2fafdbdef"]'.</msg>
<status status="PASS" starttime="20231123 23:29:25.158" endtime="20231123 23:29:25.226"/>
</kw>
<kw name="Set Focus To Element" library="Selenium2Library">
<arg>xpath=//*[@id="23e5e47e-bab1-5a1e-9929-f180182bda43"]</arg>
<doc>Sets the focus to the element identified by ``locator``.</doc>
<status status="PASS" starttime="20231123 23:29:25.226" endtime="20231123 23:29:25.262"/>
</kw>
<kw name="Click Element" library="Selenium2Library">
<arg>xpath=//*[@id="23e5e47e-bab1-5a1e-9929-f180182bda43"]</arg>
<doc>Click the element identified by ``locator``.</doc>
<msg timestamp="20231123 23:29:25.262" level="INFO">Clicking element 'xpath=//*[@id="23e5e47e-bab1-5a1e-9929-f180182bda43"]'.</msg>
<status status="PASS" starttime="20231123 23:29:25.262" endtime="20231123 23:29:25.309"/>
</kw>
<kw name="Input Text" library="Selenium2Library">
<arg>xpath=//*[@id="23e5e47e-bab1-5a1e-9929-f180182bda43"]</arg>
<arg>${personalInfo.lastName}</arg>
<doc>Types the given ``text`` into the text field identified by ``locator``.</doc>
<msg timestamp="20231123 23:29:25.309" level="INFO">Typing text 'testLN' into text field 'xpath=//*[@id="23e5e47e-bab1-5a1e-9929-f180182bda43"]'.</msg>
<status status="PASS" starttime="20231123 23:29:25.309" endtime="20231123 23:29:25.375"/>
</kw>
<kw name="Set Focus To Element" library="Selenium2Library">
<arg>xpath=//*[@id="65b3b6bd-3654-5a86-b86e-481f2bbfb391"]</arg>
<doc>Sets the focus to the element identified by ``locator``.</doc>
<status status="PASS" starttime="20231123 23:29:25.375" endtime="20231123 23:29:25.409"/>
</kw>
<kw name="Click Element" library="Selenium2Library">
<arg>xpath=//*[@id="65b3b6bd-3654-5a86-b86e-481f2bbfb391"]</arg>
<doc>Click the element identified by ``locator``.</doc>
<msg timestamp="20231123 23:29:25.409" level="INFO">Clicking element 'xpath=//*[@id="65b3b6bd-3654-5a86-b86e-481f2bbfb391"]'.</msg>
<status status="PASS" starttime="20231123 23:29:25.409" endtime="20231123 23:29:25.445"/>
</kw>
<kw name="Input Text" library="Selenium2Library">
<arg>xpath=//*[@id="65b3b6bd-3654-5a86-b86e-481f2bbfb391"]</arg>
<arg>${personalInfo.extension}</arg>
<doc>Types the given ``text`` into the text field identified by ``locator``.</doc>
<msg timestamp="20231123 23:29:25.459" level="INFO">Typing text 'testExt' into text field 'xpath=//*[@id="65b3b6bd-3654-5a86-b86e-481f2bbfb391"]'.</msg>
<status status="PASS" starttime="20231123 23:29:25.445" endtime="20231123 23:29:25.509"/>
</kw>
<kw name="Set Focus To Element" library="Selenium2Library">
<arg>xpath=//*[@id="7172c3f2-f508-5f9c-82a1-11ce9d0f3edc::c3f44a2e-72e9-587b-b88c-b5c9fbeed2db"]</arg>
<doc>Sets the focus to the element identified by ``locator``.</doc>
<status status="PASS" starttime="20231123 23:29:25.509" endtime="20231123 23:29:25.542"/>
</kw>
<kw name="Click Element" library="Selenium2Library">
<arg>xpath=//*[@id="7172c3f2-f508-5f9c-82a1-11ce9d0f3edc::c3f44a2e-72e9-587b-b88c-b5c9fbeed2db"]</arg>
<doc>Click the element identified by ``locator``.</doc>
<msg timestamp="20231123 23:29:25.542" level="INFO">Clicking element 'xpath=//*[@id="7172c3f2-f508-5f9c-82a1-11ce9d0f3edc::c3f44a2e-72e9-587b-b88c-b5c9fbeed2db"]'.</msg>
<status status="PASS" starttime="20231123 23:29:25.542" endtime="20231123 23:29:25.592"/>
</kw>
<kw name="Input Text" library="Selenium2Library">
<arg>xpath=//*[@id="7172c3f2-f508-5f9c-82a1-11ce9d0f3edc::c3f44a2e-72e9-587b-b88c-b5c9fbeed2db"]</arg>
<arg>${personalInfo.address}</arg>
<doc>Types the given ``text`` into the text field identified by ``locator``.</doc>
<msg timestamp="20231123 23:29:25.592" level="INFO">Typing text 'testAdd' into text field 'xpath=//*[@id="7172c3f2-f508-5f9c-82a1-11ce9d0f3edc::c3f44a2e-72e9-587b-b88c-b5c9fbeed2db"]'.</msg>
<status status="PASS" starttime="20231123 23:29:25.592" endtime="20231123 23:29:25.642"/>
</kw>
<kw name="Set Focus To Element" library="Selenium2Library">
<arg>xpath=//*[@id="container_e57df0b5-c2ad-514a-967f-ee8b962f5ed4"]/div/input</arg>
<doc>Sets the focus to the element identified by ``locator``.</doc>
<status status="PASS" starttime="20231123 23:29:25.642" endtime="20231123 23:29:25.676"/>
</kw>
<kw name="Click Element" library="Selenium2Library">
<arg>xpath=//*[@id="container_e57df0b5-c2ad-514a-967f-ee8b962f5ed4"]/div/input</arg>
<doc>Click the element identified by ``locator``.</doc>
<msg timestamp="20231123 23:29:25.676" level="INFO">Clicking element 'xpath=//*[@id="container_e57df0b5-c2ad-514a-967f-ee8b962f5ed4"]/div/input'.</msg>
<status status="PASS" starttime="20231123 23:29:25.676" endtime="20231123 23:29:25.725"/>
</kw>
<kw name="Input Text" library="Selenium2Library">
<arg>xpath=//*[@id="container_e57df0b5-c2ad-514a-967f-ee8b962f5ed4"]/div/input</arg>
<arg>1000${SPACE}</arg>
<doc>Types the given ``text`` into the text field identified by ``locator``.</doc>
<msg timestamp="20231123 23:29:25.725" level="INFO">Typing text '1000 ' into text field 'xpath=//*[@id="container_e57df0b5-c2ad-514a-967f-ee8b962f5ed4"]/div/input'.</msg>
<status status="PASS" starttime="20231123 23:29:25.725" endtime="20231123 23:29:25.792"/>
</kw>
<kw name="Wait Until Page Contains Element" library="Selenium2Library">
<arg>xpath=//ul[@id="ui-id-1"]/li</arg>
<doc>Waits until the element ``locator`` appears on the current page.</doc>
<status status="PASS" starttime="20231123 23:29:25.792" endtime="20231123 23:29:26.465"/>
</kw>
<kw name="Click Element" library="Selenium2Library">
<arg>xpath=//ul[@id="ui-id-1"]/li</arg>
<doc>Click the element identified by ``locator``.</doc>
<msg timestamp="20231123 23:29:26.465" level="INFO">Clicking element 'xpath=//ul[@id="ui-id-1"]/li'.</msg>
<status status="PASS" starttime="20231123 23:29:26.465" endtime="20231123 23:29:26.524"/>
</kw>
<kw name="Set Focus To Element" library="Selenium2Library">
<arg>xpath=//*[@id="7e595970-fc12-558c-9eaf-385735fcae6b"]</arg>
<doc>Sets the focus to the element identified by ``locator``.</doc>
<status status="PASS" starttime="20231123 23:29:26.524" endtime="20231123 23:29:26.540"/>
</kw>
<kw name="Select From List By Value" library="Selenium2Library">
<arg>xpath=//*[@id="7e595970-fc12-558c-9eaf-385735fcae6b"]</arg>
<arg>PH</arg>
<doc>Selects options from selection list ``locator`` by ``values``.</doc>
<msg timestamp="20231123 23:29:26.540" level="INFO">Selecting options from selection list 'xpath=//*[@id="7e595970-fc12-558c-9eaf-385735fcae6b"]' by value PH.</msg>
<status status="PASS" starttime="20231123 23:29:26.540" endtime="20231123 23:29:26.634"/>
</kw>
<kw name="Set Focus To Element" library="Selenium2Library">
<arg>xpath=//*[@id="upload_d370f504-7ff5-509f-babb-d80126387290"]/div/div/div[1]/div[2]/input</arg>
<doc>Sets the focus to the element identified by ``locator``.</doc>
<status status="PASS" starttime="20231123 23:29:26.634" endtime="20231123 23:29:26.665"/>
</kw>
<kw name="Choose File" library="Selenium2Library">
<arg>xpath=//*[@id="upload_d370f504-7ff5-509f-babb-d80126387290"]/div/div/div[1]/div[2]/input</arg>
<arg>E:\\New folder\\optimy-exams\\optimy-auto-exam/test.jpg</arg>
<doc>Inputs the ``file_path`` into the file input field ``locator``.</doc>
<msg timestamp="20231123 23:29:26.665" level="INFO">Sending E:\New folder\optimy-exams\optimy-auto-exam\test.jpg to browser.</msg>
<status status="PASS" starttime="20231123 23:29:26.665" endtime="20231123 23:29:26.720"/>
</kw>
<kw name="Set Focus To Element" library="Selenium2Library">
<arg>xpath=//*[@id="container_514632f0-b9ec-5946-997e-f486fcd8276c"]/label/div/div[1]</arg>
<doc>Sets the focus to the element identified by ``locator``.</doc>
<status status="PASS" starttime="20231123 23:29:26.720" endtime="20231123 23:29:26.737"/>
</kw>
<kw name="Click Element" library="Selenium2Library">
<arg>xpath=//*[@id="container_514632f0-b9ec-5946-997e-f486fcd8276c"]/label/div/div[1]</arg>
<doc>Click the element identified by ``locator``.</doc>
<msg timestamp="20231123 23:29:26.738" level="INFO">Clicking element 'xpath=//*[@id="container_514632f0-b9ec-5946-997e-f486fcd8276c"]/label/div/div[1]'.</msg>
<status status="PASS" starttime="20231123 23:29:26.737" endtime="20231123 23:29:26.791"/>
</kw>
<kw name="Set Focus To Element" library="Selenium2Library">
<arg>xpath=//*[@id="field_f801d7d8-0762-5407-95f9-b8c3a793157c"]</arg>
<doc>Sets the focus to the element identified by ``locator``.</doc>
<status status="PASS" starttime="20231123 23:29:26.791" endtime="20231123 23:29:26.821"/>
</kw>
<kw name="Click Element" library="Selenium2Library">
<arg>xpath=//*[@id="field_f801d7d8-0762-5407-95f9-b8c3a793157c"]</arg>
<doc>Click the element identified by ``locator``.</doc>
<msg timestamp="20231123 23:29:26.822" level="INFO">Clicking element 'xpath=//*[@id="field_f801d7d8-0762-5407-95f9-b8c3a793157c"]'.</msg>
<status status="PASS" starttime="20231123 23:29:26.821" endtime="20231123 23:29:26.907"/>
</kw>
<kw name="Click Element" library="Selenium2Library">
<arg>xpath=//*[@id="7026c894-4e85-5e16-910a-b19ca1013c74"]</arg>
<doc>Click the element identified by ``locator``.</doc>
<msg timestamp="20231123 23:29:26.907" level="INFO">Clicking element 'xpath=//*[@id="7026c894-4e85-5e16-910a-b19ca1013c74"]'.</msg>
<status status="PASS" starttime="20231123 23:29:26.907" endtime="20231123 23:29:26.966"/>
</kw>
<kw name="Click Element" library="Selenium2Library">
<arg>xpath=//*[@id="container_3fe36edc-80b0-5574-b7ad-7cfe074acfc1"]/label/div/div[1]</arg>
<doc>Click the element identified by ``locator``.</doc>
<msg timestamp="20231123 23:29:26.967" level="INFO">Clicking element 'xpath=//*[@id="container_3fe36edc-80b0-5574-b7ad-7cfe074acfc1"]/label/div/div[1]'.</msg>
<status status="PASS" starttime="20231123 23:29:26.966" endtime="20231123 23:29:27.052"/>
</kw>
<kw name="Click Element" library="Selenium2Library">
<arg>xpath=//*[@id="container_5ab6a927-7b72-5869-acc3-0db0858bc495"]/label/div/div[1]</arg>
<doc>Click the element identified by ``locator``.</doc>
<msg timestamp="20231123 23:29:27.052" level="INFO">Clicking element 'xpath=//*[@id="container_5ab6a927-7b72-5869-acc3-0db0858bc495"]/label/div/div[1]'.</msg>
<status status="PASS" starttime="20231123 23:29:27.052" endtime="20231123 23:29:27.115"/>
</kw>
<kw name="Click Element" library="Selenium2Library">
<arg>xpath=//*[@id="container_f49b4d08-527e-5edc-9acd-5386bb2e188d"]/label/div/div[1]</arg>
<doc>Click the element identified by ``locator``.</doc>
<msg timestamp="20231123 23:29:27.115" level="INFO">Clicking element 'xpath=//*[@id="container_f49b4d08-527e-5edc-9acd-5386bb2e188d"]/label/div/div[1]'.</msg>
<status status="PASS" starttime="20231123 23:29:27.115" endtime="20231123 23:29:27.164"/>
</kw>
<kw name="Set Focus To Element" library="Selenium2Library">
<arg>css=#cke_1_contents</arg>
<doc>Sets the focus to the element identified by ``locator``.</doc>
<status status="PASS" starttime="20231123 23:29:27.164" endtime="20231123 23:29:27.179"/>
</kw>
<kw name="Click Element" library="Selenium2Library">
<arg>css=#cke_1_contents</arg>
<doc>Click the element identified by ``locator``.</doc>
<msg timestamp="20231123 23:29:27.179" level="INFO">Clicking element 'css=#cke_1_contents'.</msg>
<status status="PASS" starttime="20231123 23:29:27.179" endtime="20231123 23:29:27.240"/>
</kw>
<kw name="Press Keys" library="Selenium2Library">
<arg>css=#cke_1_contents</arg>
<arg>test</arg>
<doc>Simulates the user pressing key(s) to an element or on the active browser.</doc>
<msg timestamp="20231123 23:29:27.241" level="INFO">Sending key(s) ('test',) to css=#cke_1_contents element.</msg>
<msg timestamp="20231123 23:29:27.543" level="INFO">Sending keys test</msg>
<status status="PASS" starttime="20231123 23:29:27.240" endtime="20231123 23:29:27.580"/>
</kw>
<kw name="Set Focus To Element" library="Selenium2Library">
<arg>css=#navButtonNext</arg>
<doc>Sets the focus to the element identified by ``locator``.</doc>
<status status="PASS" starttime="20231123 23:29:27.580" endtime="20231123 23:29:27.591"/>
</kw>
<kw name="Click Button" library="Selenium2Library">
<arg>css=#navButtonNext</arg>
<doc>Clicks the button identified by ``locator``.</doc>
<msg timestamp="20231123 23:29:27.591" level="INFO">Clicking button 'css=#navButtonNext'.</msg>
<status status="PASS" starttime="20231123 23:29:27.591" endtime="20231123 23:29:27.658"/>
</kw>
<status status="PASS" starttime="20231123 23:29:25.051" endtime="20231123 23:29:27.658"/>
</kw>
<kw name="And Applicant is able to validate details and send">
<kw name="Wait Until Page Contains Element" library="Selenium2Library">
<arg>css=#submitButton</arg>
<doc>Waits until the element ``locator`` appears on the current page.</doc>
<status status="PASS" starttime="20231123 23:29:27.658" endtime="20231123 23:29:33.116"/>
</kw>
<kw name="Execute Javascript" library="Selenium2Library">
<arg>window.scrollTo(0, 1500);</arg>
<doc>Executes the given JavaScript code with possible arguments.</doc>
<msg timestamp="20231123 23:29:33.117" level="INFO">Executing JavaScript:
window.scrollTo(0, 1500);
Without any arguments.</msg>
<status status="PASS" starttime="20231123 23:29:33.116" endtime="20231123 23:29:33.122"/>
</kw>
<kw name="Wait Until Element Is Enabled" library="Selenium2Library">
<arg>css=#submitButton</arg>
<doc>Waits until the element ``locator`` is enabled.</doc>
<status status="PASS" starttime="20231123 23:29:33.122" endtime="20231123 23:29:33.149"/>
</kw>
<kw name="Set Focus To Element" library="Selenium2Library">
<arg>css=#submitButton</arg>
<doc>Sets the focus to the element identified by ``locator``.</doc>
<status status="PASS" starttime="20231123 23:29:33.149" endtime="20231123 23:29:33.158"/>
</kw>
<kw name="Mouse Over" library="Selenium2Library">
<arg>xpath=//*[@id="projectForm"]/div[2]/div[2]/div[3]/div[2]</arg>
<doc>Simulates hovering the mouse over the element ``locator``.</doc>
<msg timestamp="20231123 23:29:33.158" level="INFO">Simulating Mouse Over on element 'xpath=//*[@id="projectForm"]/div[2]/div[2]/div[3]/div[2]'.</msg>
<status status="PASS" starttime="20231123 23:29:33.158" endtime="20231123 23:29:33.445"/>
</kw>
<kw name="Click Element" library="Selenium2Library">
<arg>xpath=//*[@id="projectForm"]/div[2]/div[2]/div[3]/div[2]</arg>
<doc>Click the element identified by ``locator``.</doc>
<msg timestamp="20231123 23:29:33.446" level="INFO">Clicking element 'xpath=//*[@id="projectForm"]/div[2]/div[2]/div[3]/div[2]'.</msg>
<status status="PASS" starttime="20231123 23:29:33.445" endtime="20231123 23:29:33.510"/>
</kw>
<status status="PASS" starttime="20231123 23:29:27.658" endtime="20231123 23:29:33.510"/>
</kw>
<kw name="And Applicant successfully submits the application">
<kw name="Wait Until Page Contains" library="Selenium2Library">
<arg>Thank you for submitting your project</arg>
<doc>Waits until ``text`` appears on the current page.</doc>
<status status="PASS" starttime="20231123 23:29:33.510" endtime="20231123 23:29:36.909"/>
</kw>
<status status="PASS" starttime="20231123 23:29:33.510" endtime="20231123 23:29:36.909"/>
</kw>
<kw name="And Applicant goes back to Home page">
<kw name="Click Element" library="Selenium2Library">
<arg>xpath=//*[@id="content"]/div/div/div/div/div/a</arg>
<doc>Click the element identified by ``locator``.</doc>
<msg timestamp="20231123 23:29:36.909" level="INFO">Clicking element 'xpath=//*[@id="content"]/div/div/div/div/div/a'.</msg>
<status status="PASS" starttime="20231123 23:29:36.909" endtime="20231123 23:29:38.175"/>
</kw>
<status status="PASS" starttime="20231123 23:29:36.909" endtime="20231123 23:29:38.175"/>
</kw>
<status status="PASS" starttime="20231123 23:29:17.375" endtime="20231123 23:29:38.175"/>
</iter>
<iter>
<var name="${counter}">1</var>
<kw name="Log" library="BuiltIn">
<arg>${counter}</arg>
<doc>Logs the given message with the given level.</doc>
<msg timestamp="20231123 23:29:38.176" level="INFO">1</msg>
<status status="PASS" starttime="20231123 23:29:38.176" endtime="20231123 23:29:38.176"/>
</kw>
<kw name="And Applicant continues to submmit application">
<kw name="Wait Until Page Contains Element" library="Selenium2Library">
<arg>css=.col-md-auto</arg>
<doc>Waits until the element ``locator`` appears on the current page.</doc>
<status status="PASS" starttime="20231123 23:29:38.177" endtime="20231123 23:29:38.190"/>
</kw>
<kw name="Set Focus To Element" library="Selenium2Library">
<arg>css=.col-md-auto</arg>
<doc>Sets the focus to the element identified by ``locator``.</doc>
<status status="PASS" starttime="20231123 23:29:38.190" endtime="20231123 23:29:38.219"/>
</kw>
<kw name="Click Link" library="Selenium2Library">
<arg>css=.col-md-auto</arg>
<doc>Clicks a link identified by ``locator``.</doc>
<msg timestamp="20231123 23:29:38.220" level="INFO">Clicking link 'css=.col-md-auto'.</msg>
<status status="PASS" starttime="20231123 23:29:38.219" endtime="20231123 23:29:40.945"/>
</kw>
<kw name="Run Keyword And Return Status" library="BuiltIn">
<var>${continue}</var>
<arg>Page Should Contain</arg>
<arg>Continue with the submission of the application</arg>
<doc>Runs the given keyword with given arguments and returns the status as a Boolean value.</doc>
<kw name="Page Should Contain" library="Selenium2Library">
<arg>Continue with the submission of the application</arg>
<doc>Verifies that current page contains ``text``.</doc>
<msg timestamp="20231123 23:29:40.955" level="INFO">Current page contains text 'Continue with the submission of the application'.</msg>
<status status="PASS" starttime="20231123 23:29:40.945" endtime="20231123 23:29:40.955"/>
</kw>
<msg timestamp="20231123 23:29:40.955" level="INFO">${continue} = True</msg>
<status status="PASS" starttime="20231123 23:29:40.945" endtime="20231123 23:29:40.955"/>
</kw>
<if>
<branch type="IF" condition="'${continue}'=='True'">
<kw name="Page Should Contain Element" library="Selenium2Library">
<arg>css=.btn-outline-primary</arg>
<doc>Verifies that element ``locator`` is found on the current page.</doc>
<msg timestamp="20231123 23:29:40.973" level="INFO">Current page contains element 'css=.btn-outline-primary'.</msg>
<status status="PASS" starttime="20231123 23:29:40.955" endtime="20231123 23:29:40.973"/>
</kw>
<status status="PASS" starttime="20231123 23:29:40.955" endtime="20231123 23:29:40.973"/>
</branch>
<branch type="ELSE">
<kw name="Wait Until Page Contains" library="Selenium2Library">
<arg>Continue with the submission of the application</arg>
<doc>Waits until ``text`` appears on the current page.</doc>
<status status="NOT RUN" starttime="20231123 23:29:40.973" endtime="20231123 23:29:40.973"/>
</kw>
<status status="NOT RUN" starttime="20231123 23:29:40.973" endtime="20231123 23:29:40.973"/>
</branch>
<status status="PASS" starttime="20231123 23:29:40.955" endtime="20231123 23:29:40.973"/>
</if>
<kw name="Click Element" library="Selenium2Library">
<arg>css=.btn-outline-primary</arg>
<doc>Click the element identified by ``locator``.</doc>
<msg timestamp="20231123 23:29:40.974" level="INFO">Clicking element 'css=.btn-outline-primary'.</msg>
<status status="PASS" starttime="20231123 23:29:40.973" endtime="20231123 23:29:45.905"/>
</kw>
<status status="PASS" starttime="20231123 23:29:38.177" endtime="20231123 23:29:45.905"/>
</kw>
<kw name="Then Applicant is able to fill out the form">
<kw name="Wait Until Page Contains" library="Selenium2Library">
<arg>Fill-out all forms</arg>
<doc>Waits until ``text`` appears on the current page.</doc>
<status status="PASS" starttime="20231123 23:29:45.906" endtime="20231123 23:29:45.920"/>
</kw>
<kw name="Wait Until Page Contains Element" library="Selenium2Library">
<arg>xpath=//*[@id="629d7b5a-f6a1-5a14-ac1d-21b2fafdbdef"]</arg>
<doc>Waits until the element ``locator`` appears on the current page.</doc>
<status status="PASS" starttime="20231123 23:29:45.920" endtime="20231123 23:29:45.931"/>
</kw>
<kw name="Set Focus To Element" library="Selenium2Library">
<arg>xpath=//*[@id="629d7b5a-f6a1-5a14-ac1d-21b2fafdbdef"]</arg>
<doc>Sets the focus to the element identified by ``locator``.</doc>
<status status="PASS" starttime="20231123 23:29:45.931" endtime="20231123 23:29:45.947"/>
</kw>
<kw name="Click Element" library="Selenium2Library">
<arg>xpath=//*[@id="629d7b5a-f6a1-5a14-ac1d-21b2fafdbdef"]</arg>
<doc>Click the element identified by ``locator``.</doc>
<msg timestamp="20231123 23:29:45.947" level="INFO">Clicking element 'xpath=//*[@id="629d7b5a-f6a1-5a14-ac1d-21b2fafdbdef"]'.</msg>
<status status="PASS" starttime="20231123 23:29:45.947" endtime="20231123 23:29:46.005"/>
</kw>
<kw name="Input Text" library="Selenium2Library">
<arg>xpath=//*[@id="629d7b5a-f6a1-5a14-ac1d-21b2fafdbdef"]</arg>
<arg>${personalInfo.firstName}</arg>
<doc>Types the given ``text`` into the text field identified by ``locator``.</doc>
<msg timestamp="20231123 23:29:46.007" level="INFO">Typing text 'testFN' into text field 'xpath=//*[@id="629d7b5a-f6a1-5a14-ac1d-21b2fafdbdef"]'.</msg>
<status status="PASS" starttime="20231123 23:29:46.005" endtime="20231123 23:29:46.085"/>
</kw>
<kw name="Set Focus To Element" library="Selenium2Library">
<arg>xpath=//*[@id="23e5e47e-bab1-5a1e-9929-f180182bda43"]</arg>
<doc>Sets the focus to the element identified by ``locator``.</doc>
<status status="PASS" starttime="20231123 23:29:46.085" endtime="20231123 23:29:46.114"/>
</kw>
<kw name="Click Element" library="Selenium2Library">
<arg>xpath=//*[@id="23e5e47e-bab1-5a1e-9929-f180182bda43"]</arg>
<doc>Click the element identified by ``locator``.</doc>
<msg timestamp="20231123 23:29:46.114" level="INFO">Clicking element 'xpath=//*[@id="23e5e47e-bab1-5a1e-9929-f180182bda43"]'.</msg>
<status status="PASS" starttime="20231123 23:29:46.114" endtime="20231123 23:29:46.168"/>
</kw>
<kw name="Input Text" library="Selenium2Library">
<arg>xpath=//*[@id="23e5e47e-bab1-5a1e-9929-f180182bda43"]</arg>
<arg>${personalInfo.lastName}</arg>
<doc>Types the given ``text`` into the text field identified by ``locator``.</doc>
<msg timestamp="20231123 23:29:46.171" level="INFO">Typing text 'testLN' into text field 'xpath=//*[@id="23e5e47e-bab1-5a1e-9929-f180182bda43"]'.</msg>
<status status="PASS" starttime="20231123 23:29:46.168" endtime="20231123 23:29:46.242"/>
</kw>
<kw name="Set Focus To Element" library="Selenium2Library">
<arg>xpath=//*[@id="65b3b6bd-3654-5a86-b86e-481f2bbfb391"]</arg>
<doc>Sets the focus to the element identified by ``locator``.</doc>
<status status="PASS" starttime="20231123 23:29:46.242" endtime="20231123 23:29:46.253"/>
</kw>
<kw name="Click Element" library="Selenium2Library">
<arg>xpath=//*[@id="65b3b6bd-3654-5a86-b86e-481f2bbfb391"]</arg>
<doc>Click the element identified by ``locator``.</doc>
<msg timestamp="20231123 23:29:46.253" level="INFO">Clicking element 'xpath=//*[@id="65b3b6bd-3654-5a86-b86e-481f2bbfb391"]'.</msg>
<status status="PASS" starttime="20231123 23:29:46.253" endtime="20231123 23:29:46.320"/>
</kw>
<kw name="Input Text" library="Selenium2Library">
<arg>xpath=//*[@id="65b3b6bd-3654-5a86-b86e-481f2bbfb391"]</arg>
<arg>${personalInfo.extension}</arg>
<doc>Types the given ``text`` into the text field identified by ``locator``.</doc>
<msg timestamp="20231123 23:29:46.320" level="INFO">Typing text 'testExt' into text field 'xpath=//*[@id="65b3b6bd-3654-5a86-b86e-481f2bbfb391"]'.</msg>
<status status="PASS" starttime="20231123 23:29:46.320" endtime="20231123 23:29:46.390"/>
</kw>
<kw name="Set Focus To Element" library="Selenium2Library">
<arg>xpath=//*[@id="7172c3f2-f508-5f9c-82a1-11ce9d0f3edc::c3f44a2e-72e9-587b-b88c-b5c9fbeed2db"]</arg>
<doc>Sets the focus to the element identified by ``locator``.</doc>
<status status="PASS" starttime="20231123 23:29:46.390" endtime="20231123 23:29:46.404"/>
</kw>
<kw name="Click Element" library="Selenium2Library">
<arg>xpath=//*[@id="7172c3f2-f508-5f9c-82a1-11ce9d0f3edc::c3f44a2e-72e9-587b-b88c-b5c9fbeed2db"]</arg>
<doc>Click the element identified by ``locator``.</doc>
<msg timestamp="20231123 23:29:46.404" level="INFO">Clicking element 'xpath=//*[@id="7172c3f2-f508-5f9c-82a1-11ce9d0f3edc::c3f44a2e-72e9-587b-b88c-b5c9fbeed2db"]'.</msg>
<status status="PASS" starttime="20231123 23:29:46.404" endtime="20231123 23:29:46.455"/>
</kw>
<kw name="Input Text" library="Selenium2Library">
<arg>xpath=//*[@id="7172c3f2-f508-5f9c-82a1-11ce9d0f3edc::c3f44a2e-72e9-587b-b88c-b5c9fbeed2db"]</arg>
<arg>${personalInfo.address}</arg>
<doc>Types the given ``text`` into the text field identified by ``locator``.</doc>
<msg timestamp="20231123 23:29:46.455" level="INFO">Typing text 'testAdd' into text field 'xpath=//*[@id="7172c3f2-f508-5f9c-82a1-11ce9d0f3edc::c3f44a2e-72e9-587b-b88c-b5c9fbeed2db"]'.</msg>
<status status="PASS" starttime="20231123 23:29:46.455" endtime="20231123 23:29:46.504"/>
</kw>
<kw name="Set Focus To Element" library="Selenium2Library">
<arg>xpath=//*[@id="container_e57df0b5-c2ad-514a-967f-ee8b962f5ed4"]/div/input</arg>
<doc>Sets the focus to the element identified by ``locator``.</doc>
<status status="PASS" starttime="20231123 23:29:46.504" endtime="20231123 23:29:46.521"/>
</kw>
<kw name="Click Element" library="Selenium2Library">
<arg>xpath=//*[@id="container_e57df0b5-c2ad-514a-967f-ee8b962f5ed4"]/div/input</arg>
<doc>Click the element identified by ``locator``.</doc>
<msg timestamp="20231123 23:29:46.521" level="INFO">Clicking element 'xpath=//*[@id="container_e57df0b5-c2ad-514a-967f-ee8b962f5ed4"]/div/input'.</msg>
<status status="PASS" starttime="20231123 23:29:46.521" endtime="20231123 23:29:46.571"/>
</kw>
<kw name="Input Text" library="Selenium2Library">
<arg>xpath=//*[@id="container_e57df0b5-c2ad-514a-967f-ee8b962f5ed4"]/div/input</arg>
<arg>1000${SPACE}</arg>
<doc>Types the given ``text`` into the text field identified by ``locator``.</doc>
<msg timestamp="20231123 23:29:46.571" level="INFO">Typing text '1000 ' into text field 'xpath=//*[@id="container_e57df0b5-c2ad-514a-967f-ee8b962f5ed4"]/div/input'.</msg>
<status status="PASS" starttime="20231123 23:29:46.571" endtime="20231123 23:29:46.638"/>
</kw>
<kw name="Wait Until Page Contains Element" library="Selenium2Library">
<arg>xpath=//ul[@id="ui-id-1"]/li</arg>
<doc>Waits until the element ``locator`` appears on the current page.</doc>
<status status="PASS" starttime="20231123 23:29:46.638" endtime="20231123 23:29:47.279"/>
</kw>
<kw name="Click Element" library="Selenium2Library">
<arg>xpath=//ul[@id="ui-id-1"]/li</arg>
<doc>Click the element identified by ``locator``.</doc>
<msg timestamp="20231123 23:29:47.279" level="INFO">Clicking element 'xpath=//ul[@id="ui-id-1"]/li'.</msg>
<status status="PASS" starttime="20231123 23:29:47.279" endtime="20231123 23:29:47.330"/>
</kw>
<kw name="Set Focus To Element" library="Selenium2Library">
<arg>xpath=//*[@id="7e595970-fc12-558c-9eaf-385735fcae6b"]</arg>
<doc>Sets the focus to the element identified by ``locator``.</doc>
<status status="PASS" starttime="20231123 23:29:47.330" endtime="20231123 23:29:47.351"/>
</kw>
<kw name="Select From List By Value" library="Selenium2Library">
<arg>xpath=//*[@id="7e595970-fc12-558c-9eaf-385735fcae6b"]</arg>
<arg>PH</arg>
<doc>Selects options from selection list ``locator`` by ``values``.</doc>
<msg timestamp="20231123 23:29:47.352" level="INFO">Selecting options from selection list 'xpath=//*[@id="7e595970-fc12-558c-9eaf-385735fcae6b"]' by value PH.</msg>
<status status="PASS" starttime="20231123 23:29:47.352" endtime="20231123 23:29:47.421"/>
</kw>
<kw name="Set Focus To Element" library="Selenium2Library">
<arg>xpath=//*[@id="upload_d370f504-7ff5-509f-babb-d80126387290"]/div/div/div[1]/div[2]/input</arg>
<doc>Sets the focus to the element identified by ``locator``.</doc>
<status status="PASS" starttime="20231123 23:29:47.421" endtime="20231123 23:29:47.438"/>
</kw>
<kw name="Choose File" library="Selenium2Library">
<arg>xpath=//*[@id="upload_d370f504-7ff5-509f-babb-d80126387290"]/div/div/div[1]/div[2]/input</arg>
<arg>E:\\New folder\\optimy-exams\\optimy-auto-exam/test.jpg</arg>
<doc>Inputs the ``file_path`` into the file input field ``locator``.</doc>
<msg timestamp="20231123 23:29:47.438" level="INFO">Sending E:\New folder\optimy-exams\optimy-auto-exam\test.jpg to browser.</msg>
<status status="PASS" starttime="20231123 23:29:47.438" endtime="20231123 23:29:47.470"/>
</kw>
<kw name="Set Focus To Element" library="Selenium2Library">
<arg>xpath=//*[@id="container_514632f0-b9ec-5946-997e-f486fcd8276c"]/label/div/div[1]</arg>
<doc>Sets the focus to the element identified by ``locator``.</doc>
<status status="PASS" starttime="20231123 23:29:47.470" endtime="20231123 23:29:47.489"/>
</kw>
<kw name="Click Element" library="Selenium2Library">
<arg>xpath=//*[@id="container_514632f0-b9ec-5946-997e-f486fcd8276c"]/label/div/div[1]</arg>
<doc>Click the element identified by ``locator``.</doc>
<msg timestamp="20231123 23:29:47.489" level="INFO">Clicking element 'xpath=//*[@id="container_514632f0-b9ec-5946-997e-f486fcd8276c"]/label/div/div[1]'.</msg>
<status status="PASS" starttime="20231123 23:29:47.489" endtime="20231123 23:29:47.543"/>
</kw>
<kw name="Set Focus To Element" library="Selenium2Library">
<arg>xpath=//*[@id="field_f801d7d8-0762-5407-95f9-b8c3a793157c"]</arg>
<doc>Sets the focus to the element identified by ``locator``.</doc>
<status status="PASS" starttime="20231123 23:29:47.543" endtime="20231123 23:29:47.554"/>
</kw>
<kw name="Click Element" library="Selenium2Library">
<arg>xpath=//*[@id="field_f801d7d8-0762-5407-95f9-b8c3a793157c"]</arg>
<doc>Click the element identified by ``locator``.</doc>
<msg timestamp="20231123 23:29:47.554" level="INFO">Clicking element 'xpath=//*[@id="field_f801d7d8-0762-5407-95f9-b8c3a793157c"]'.</msg>
<status status="PASS" starttime="20231123 23:29:47.554" endtime="20231123 23:29:47.627"/>
</kw>
<kw name="Click Element" library="Selenium2Library">
<arg>xpath=//*[@id="7026c894-4e85-5e16-910a-b19ca1013c74"]</arg>
<doc>Click the element identified by ``locator``.</doc>
<msg timestamp="20231123 23:29:47.627" level="INFO">Clicking element 'xpath=//*[@id="7026c894-4e85-5e16-910a-b19ca1013c74"]'.</msg>
<status status="PASS" starttime="20231123 23:29:47.627" endtime="20231123 23:29:47.655"/>
</kw>
<kw name="Click Element" library="Selenium2Library">
<arg>xpath=//*[@id="container_3fe36edc-80b0-5574-b7ad-7cfe074acfc1"]/label/div/div[1]</arg>
<doc>Click the element identified by ``locator``.</doc>
<msg timestamp="20231123 23:29:47.655" level="INFO">Clicking element 'xpath=//*[@id="container_3fe36edc-80b0-5574-b7ad-7cfe074acfc1"]/label/div/div[1]'.</msg>
<status status="PASS" starttime="20231123 23:29:47.655" endtime="20231123 23:29:47.743"/>
</kw>
<kw name="Click Element" library="Selenium2Library">
<arg>xpath=//*[@id="container_5ab6a927-7b72-5869-acc3-0db0858bc495"]/label/div/div[1]</arg>
<doc>Click the element identified by ``locator``.</doc>
<msg timestamp="20231123 23:29:47.743" level="INFO">Clicking element 'xpath=//*[@id="container_5ab6a927-7b72-5869-acc3-0db0858bc495"]/label/div/div[1]'.</msg>
<status status="PASS" starttime="20231123 23:29:47.743" endtime="20231123 23:29:47.789"/>
</kw>
<kw name="Click Element" library="Selenium2Library">
<arg>xpath=//*[@id="container_f49b4d08-527e-5edc-9acd-5386bb2e188d"]/label/div/div[1]</arg>
<doc>Click the element identified by ``locator``.</doc>
<msg timestamp="20231123 23:29:47.789" level="INFO">Clicking element 'xpath=//*[@id="container_f49b4d08-527e-5edc-9acd-5386bb2e188d"]/label/div/div[1]'.</msg>
<status status="PASS" starttime="20231123 23:29:47.789" endtime="20231123 23:29:47.850"/>
</kw>
<kw name="Set Focus To Element" library="Selenium2Library">
<arg>css=#cke_1_contents</arg>
<doc>Sets the focus to the element identified by ``locator``.</doc>
<status status="PASS" starttime="20231123 23:29:47.850" endtime="20231123 23:29:47.851"/>
</kw>
<kw name="Click Element" library="Selenium2Library">
<arg>css=#cke_1_contents</arg>
<doc>Click the element identified by ``locator``.</doc>
<msg timestamp="20231123 23:29:47.851" level="INFO">Clicking element 'css=#cke_1_contents'.</msg>
<status status="PASS" starttime="20231123 23:29:47.851" endtime="20231123 23:29:47.884"/>
</kw>
<kw name="Press Keys" library="Selenium2Library">
<arg>css=#cke_1_contents</arg>
<arg>test</arg>
<doc>Simulates the user pressing key(s) to an element or on the active browser.</doc>
<msg timestamp="20231123 23:29:47.884" level="INFO">Sending key(s) ('test',) to css=#cke_1_contents element.</msg>
<msg timestamp="20231123 23:29:48.183" level="INFO">Sending keys test</msg>
<status status="PASS" starttime="20231123 23:29:47.884" endtime="20231123 23:29:48.213"/>
</kw>
<kw name="Set Focus To Element" library="Selenium2Library">
<arg>css=#navButtonNext</arg>
<doc>Sets the focus to the element identified by ``locator``.</doc>
<status status="PASS" starttime="20231123 23:29:48.213" endtime="20231123 23:29:48.218"/>
</kw>
<kw name="Click Button" library="Selenium2Library">
<arg>css=#navButtonNext</arg>
<doc>Clicks the button identified by ``locator``.</doc>
<msg timestamp="20231123 23:29:48.234" level="INFO">Clicking button 'css=#navButtonNext'.</msg>
<status status="PASS" starttime="20231123 23:29:48.218" endtime="20231123 23:29:48.284"/>
</kw>
<status status="PASS" starttime="20231123 23:29:45.905" endtime="20231123 23:29:48.284"/>
</kw>
<kw name="And Applicant is able to validate details and send">
<kw name="Wait Until Page Contains Element" library="Selenium2Library">
<arg>css=#submitButton</arg>
<doc>Waits until the element ``locator`` appears on the current page.</doc>
<status status="PASS" starttime="20231123 23:29:48.284" endtime="20231123 23:29:55.011"/>
</kw>
<kw name="Execute Javascript" library="Selenium2Library">
<arg>window.scrollTo(0, 1500);</arg>
<doc>Executes the given JavaScript code with possible arguments.</doc>
<msg timestamp="20231123 23:29:55.011" level="INFO">Executing JavaScript:
window.scrollTo(0, 1500);
Without any arguments.</msg>
<status status="PASS" starttime="20231123 23:29:55.011" endtime="20231123 23:29:55.016"/>
</kw>
<kw name="Wait Until Element Is Enabled" library="Selenium2Library">
<arg>css=#submitButton</arg>
<doc>Waits until the element ``locator`` is enabled.</doc>
<status status="PASS" starttime="20231123 23:29:55.016" endtime="20231123 23:29:55.033"/>
</kw>
<kw name="Set Focus To Element" library="Selenium2Library">
<arg>css=#submitButton</arg>
<doc>Sets the focus to the element identified by ``locator``.</doc>
<status status="PASS" starttime="20231123 23:29:55.033" endtime="20231123 23:29:55.049"/>
</kw>
<kw name="Mouse Over" library="Selenium2Library">
<arg>xpath=//*[@id="projectForm"]/div[2]/div[2]/div[3]/div[2]</arg>
<doc>Simulates hovering the mouse over the element ``locator``.</doc>
<msg timestamp="20231123 23:29:55.049" level="INFO">Simulating Mouse Over on element 'xpath=//*[@id="projectForm"]/div[2]/div[2]/div[3]/div[2]'.</msg>
<status status="PASS" starttime="20231123 23:29:55.049" endtime="20231123 23:29:55.337"/>
</kw>
<kw name="Click Element" library="Selenium2Library">
<arg>xpath=//*[@id="projectForm"]/div[2]/div[2]/div[3]/div[2]</arg>
<doc>Click the element identified by ``locator``.</doc>
<msg timestamp="20231123 23:29:55.339" level="INFO">Clicking element 'xpath=//*[@id="projectForm"]/div[2]/div[2]/div[3]/div[2]'.</msg>
<status status="PASS" starttime="20231123 23:29:55.337" endtime="20231123 23:29:55.403"/>
</kw>
<status status="PASS" starttime="20231123 23:29:48.284" endtime="20231123 23:29:55.403"/>
</kw>
<kw name="And Applicant successfully submits the application">
<kw name="Wait Until Page Contains" library="Selenium2Library">
<arg>Thank you for submitting your project</arg>
<doc>Waits until ``text`` appears on the current page.</doc>
<status status="PASS" starttime="20231123 23:29:55.403" endtime="20231123 23:29:58.857"/>
</kw>
<status status="PASS" starttime="20231123 23:29:55.403" endtime="20231123 23:29:58.857"/>
</kw>
<kw name="And Applicant goes back to Home page">
<kw name="Click Element" library="Selenium2Library">
<arg>xpath=//*[@id="content"]/div/div/div/div/div/a</arg>
<doc>Click the element identified by ``locator``.</doc>
<msg timestamp="20231123 23:29:58.858" level="INFO">Clicking element 'xpath=//*[@id="content"]/div/div/div/div/div/a'.</msg>
<status status="PASS" starttime="20231123 23:29:58.857" endtime="20231123 23:30:00.086"/>
</kw>
<status status="PASS" starttime="20231123 23:29:58.857" endtime="20231123 23:30:00.086"/>
</kw>
<status status="PASS" starttime="20231123 23:29:38.175" endtime="20231123 23:30:00.086"/>
</iter>
<iter>
<var name="${counter}">2</var>
<kw name="Log" library="BuiltIn">
<arg>${counter}</arg>
<doc>Logs the given message with the given level.</doc>
<msg timestamp="20231123 23:30:00.086" level="INFO">2</msg>
<status status="PASS" starttime="20231123 23:30:00.086" endtime="20231123 23:30:00.086"/>
</kw>
<kw name="And Applicant continues to submmit application">
<kw name="Wait Until Page Contains Element" library="Selenium2Library">
<arg>css=.col-md-auto</arg>
<doc>Waits until the element ``locator`` appears on the current page.</doc>
<status status="PASS" starttime="20231123 23:30:00.086" endtime="20231123 23:30:00.104"/>
</kw>
<kw name="Set Focus To Element" library="Selenium2Library">
<arg>css=.col-md-auto</arg>
<doc>Sets the focus to the element identified by ``locator``.</doc>
<status status="PASS" starttime="20231123 23:30:00.104" endtime="20231123 23:30:00.115"/>
</kw>
<kw name="Click Link" library="Selenium2Library">
<arg>css=.col-md-auto</arg>
<doc>Clicks a link identified by ``locator``.</doc>
<msg timestamp="20231123 23:30:00.115" level="INFO">Clicking link 'css=.col-md-auto'.</msg>
<status status="PASS" starttime="20231123 23:30:00.115" endtime="20231123 23:30:03.742"/>
</kw>
<kw name="Run Keyword And Return Status" library="BuiltIn">
<var>${continue}</var>
<arg>Page Should Contain</arg>
<arg>Continue with the submission of the application</arg>
<doc>Runs the given keyword with given arguments and returns the status as a Boolean value.</doc>
<kw name="Page Should Contain" library="Selenium2Library">
<arg>Continue with the submission of the application</arg>
<doc>Verifies that current page contains ``text``.</doc>
<msg timestamp="20231123 23:30:03.765" level="INFO">Current page contains text 'Continue with the submission of the application'.</msg>
<status status="PASS" starttime="20231123 23:30:03.743" endtime="20231123 23:30:03.765"/>
</kw>
<msg timestamp="20231123 23:30:03.765" level="INFO">${continue} = True</msg>
<status status="PASS" starttime="20231123 23:30:03.742" endtime="20231123 23:30:03.765"/>
</kw>
<if>
<branch type="IF" condition="'${continue}'=='True'">
<kw name="Page Should Contain Element" library="Selenium2Library">
<arg>css=.btn-outline-primary</arg>
<doc>Verifies that element ``locator`` is found on the current page.</doc>
<msg timestamp="20231123 23:30:03.782" level="INFO">Current page contains element 'css=.btn-outline-primary'.</msg>
<status status="PASS" starttime="20231123 23:30:03.765" endtime="20231123 23:30:03.782"/>
</kw>
<status status="PASS" starttime="20231123 23:30:03.765" endtime="20231123 23:30:03.782"/>
</branch>
<branch type="ELSE">
<kw name="Wait Until Page Contains" library="Selenium2Library">
<arg>Continue with the submission of the application</arg>
<doc>Waits until ``text`` appears on the current page.</doc>
<status status="NOT RUN" starttime="20231123 23:30:03.782" endtime="20231123 23:30:03.782"/>
</kw>
<status status="NOT RUN" starttime="20231123 23:30:03.782" endtime="20231123 23:30:03.782"/>
</branch>
<status status="PASS" starttime="20231123 23:30:03.765" endtime="20231123 23:30:03.782"/>
</if>
<kw name="Click Element" library="Selenium2Library">
<arg>css=.btn-outline-primary</arg>
<doc>Click the element identified by ``locator``.</doc>
<msg timestamp="20231123 23:30:03.783" level="INFO">Clicking element 'css=.btn-outline-primary'.</msg>
<status status="PASS" starttime="20231123 23:30:03.782" endtime="20231123 23:30:08.608"/>
</kw>
<status status="PASS" starttime="20231123 23:30:00.086" endtime="20231123 23:30:08.608"/>
</kw>
<kw name="Then Applicant is able to fill out the form">
<kw name="Wait Until Page Contains" library="Selenium2Library">
<arg>Fill-out all forms</arg>
<doc>Waits until ``text`` appears on the current page.</doc>
<status status="PASS" starttime="20231123 23:30:08.610" endtime="20231123 23:30:08.627"/>
</kw>
<kw name="Wait Until Page Contains Element" library="Selenium2Library">
<arg>xpath=//*[@id="629d7b5a-f6a1-5a14-ac1d-21b2fafdbdef"]</arg>
<doc>Waits until the element ``locator`` appears on the current page.</doc>
<status status="PASS" starttime="20231123 23:30:08.627" endtime="20231123 23:30:08.681"/>
</kw>
<kw name="Set Focus To Element" library="Selenium2Library">
<arg>xpath=//*[@id="629d7b5a-f6a1-5a14-ac1d-21b2fafdbdef"]</arg>
<doc>Sets the focus to the element identified by ``locator``.</doc>
<status status="PASS" starttime="20231123 23:30:08.682" endtime="20231123 23:30:08.705"/>
</kw>
<kw name="Click Element" library="Selenium2Library">
<arg>xpath=//*[@id="629d7b5a-f6a1-5a14-ac1d-21b2fafdbdef"]</arg>
<doc>Click the element identified by ``locator``.</doc>
<msg timestamp="20231123 23:30:08.706" level="INFO">Clicking element 'xpath=//*[@id="629d7b5a-f6a1-5a14-ac1d-21b2fafdbdef"]'.</msg>
<status status="PASS" starttime="20231123 23:30:08.705" endtime="20231123 23:30:08.757"/>
</kw>
<kw name="Input Text" library="Selenium2Library">
<arg>xpath=//*[@id="629d7b5a-f6a1-5a14-ac1d-21b2fafdbdef"]</arg>
<arg>${personalInfo.firstName}</arg>
<doc>Types the given ``text`` into the text field identified by ``locator``.</doc>
<msg timestamp="20231123 23:30:08.757" level="INFO">Typing text 'testFN' into text field 'xpath=//*[@id="629d7b5a-f6a1-5a14-ac1d-21b2fafdbdef"]'.</msg>
<status status="PASS" starttime="20231123 23:30:08.757" endtime="20231123 23:30:08.829"/>
</kw>
<kw name="Set Focus To Element" library="Selenium2Library">
<arg>xpath=//*[@id="23e5e47e-bab1-5a1e-9929-f180182bda43"]</arg>
<doc>Sets the focus to the element identified by ``locator``.</doc>
<status status="PASS" starttime="20231123 23:30:08.829" endtime="20231123 23:30:08.863"/>
</kw>
<kw name="Click Element" library="Selenium2Library">
<arg>xpath=//*[@id="23e5e47e-bab1-5a1e-9929-f180182bda43"]</arg>
<doc>Click the element identified by ``locator``.</doc>
<msg timestamp="20231123 23:30:08.864" level="INFO">Clicking element 'xpath=//*[@id="23e5e47e-bab1-5a1e-9929-f180182bda43"]'.</msg>
<status status="PASS" starttime="20231123 23:30:08.863" endtime="20231123 23:30:08.917"/>
</kw>
<kw name="Input Text" library="Selenium2Library">
<arg>xpath=//*[@id="23e5e47e-bab1-5a1e-9929-f180182bda43"]</arg>
<arg>${personalInfo.lastName}</arg>
<doc>Types the given ``text`` into the text field identified by ``locator``.</doc>
<msg timestamp="20231123 23:30:08.917" level="INFO">Typing text 'testLN' into text field 'xpath=//*[@id="23e5e47e-bab1-5a1e-9929-f180182bda43"]'.</msg>
<status status="PASS" starttime="20231123 23:30:08.917" endtime="20231123 23:30:08.978"/>
</kw>
<kw name="Set Focus To Element" library="Selenium2Library">
<arg>xpath=//*[@id="65b3b6bd-3654-5a86-b86e-481f2bbfb391"]</arg>
<doc>Sets the focus to the element identified by ``locator``.</doc>
<status status="PASS" starttime="20231123 23:30:08.978" endtime="20231123 23:30:09.011"/>
</kw>
<kw name="Click Element" library="Selenium2Library">
<arg>xpath=//*[@id="65b3b6bd-3654-5a86-b86e-481f2bbfb391"]</arg>
<doc>Click the element identified by ``locator``.</doc>
<msg timestamp="20231123 23:30:09.011" level="INFO">Clicking element 'xpath=//*[@id="65b3b6bd-3654-5a86-b86e-481f2bbfb391"]'.</msg>
<status status="PASS" starttime="20231123 23:30:09.011" endtime="20231123 23:30:09.061"/>
</kw>
<kw name="Input Text" library="Selenium2Library">
<arg>xpath=//*[@id="65b3b6bd-3654-5a86-b86e-481f2bbfb391"]</arg>
<arg>${personalInfo.extension}</arg>
<doc>Types the given ``text`` into the text field identified by ``locator``.</doc>
<msg timestamp="20231123 23:30:09.061" level="INFO">Typing text 'testExt' into text field 'xpath=//*[@id="65b3b6bd-3654-5a86-b86e-481f2bbfb391"]'.</msg>
<status status="PASS" starttime="20231123 23:30:09.061" endtime="20231123 23:30:09.146"/>
</kw>
<kw name="Set Focus To Element" library="Selenium2Library">
<arg>xpath=//*[@id="7172c3f2-f508-5f9c-82a1-11ce9d0f3edc::c3f44a2e-72e9-587b-b88c-b5c9fbeed2db"]</arg>
<doc>Sets the focus to the element identified by ``locator``.</doc>
<status status="PASS" starttime="20231123 23:30:09.146" endtime="20231123 23:30:09.161"/>
</kw>
<kw name="Click Element" library="Selenium2Library">
<arg>xpath=//*[@id="7172c3f2-f508-5f9c-82a1-11ce9d0f3edc::c3f44a2e-72e9-587b-b88c-b5c9fbeed2db"]</arg>
<doc>Click the element identified by ``locator``.</doc>
<msg timestamp="20231123 23:30:09.161" level="INFO">Clicking element 'xpath=//*[@id="7172c3f2-f508-5f9c-82a1-11ce9d0f3edc::c3f44a2e-72e9-587b-b88c-b5c9fbeed2db"]'.</msg>
<status status="PASS" starttime="20231123 23:30:09.161" endtime="20231123 23:30:09.226"/>
</kw>
<kw name="Input Text" library="Selenium2Library">
<arg>xpath=//*[@id="7172c3f2-f508-5f9c-82a1-11ce9d0f3edc::c3f44a2e-72e9-587b-b88c-b5c9fbeed2db"]</arg>
<arg>${personalInfo.address}</arg>
<doc>Types the given ``text`` into the text field identified by ``locator``.</doc>
<msg timestamp="20231123 23:30:09.227" level="INFO">Typing text 'testAdd' into text field 'xpath=//*[@id="7172c3f2-f508-5f9c-82a1-11ce9d0f3edc::c3f44a2e-72e9-587b-b88c-b5c9fbeed2db"]'.</msg>
<status status="PASS" starttime="20231123 23:30:09.226" endtime="20231123 23:30:09.277"/>
</kw>
<kw name="Set Focus To Element" library="Selenium2Library">
<arg>xpath=//*[@id="container_e57df0b5-c2ad-514a-967f-ee8b962f5ed4"]/div/input</arg>
<doc>Sets the focus to the element identified by ``locator``.</doc>
<status status="PASS" starttime="20231123 23:30:09.277" endtime="20231123 23:30:09.294"/>
</kw>
<kw name="Click Element" library="Selenium2Library">
<arg>xpath=//*[@id="container_e57df0b5-c2ad-514a-967f-ee8b962f5ed4"]/div/input</arg>
<doc>Click the element identified by ``locator``.</doc>
<msg timestamp="20231123 23:30:09.294" level="INFO">Clicking element 'xpath=//*[@id="container_e57df0b5-c2ad-514a-967f-ee8b962f5ed4"]/div/input'.</msg>
<status status="PASS" starttime="20231123 23:30:09.294" endtime="20231123 23:30:09.344"/>
</kw>
<kw name="Input Text" library="Selenium2Library">
<arg>xpath=//*[@id="container_e57df0b5-c2ad-514a-967f-ee8b962f5ed4"]/div/input</arg>
<arg>1000${SPACE}</arg>
<doc>Types the given ``text`` into the text field identified by ``locator``.</doc>
<msg timestamp="20231123 23:30:09.344" level="INFO">Typing text '1000 ' into text field 'xpath=//*[@id="container_e57df0b5-c2ad-514a-967f-ee8b962f5ed4"]/div/input'.</msg>
<status status="PASS" starttime="20231123 23:30:09.344" endtime="20231123 23:30:09.410"/>
</kw>
<kw name="Wait Until Page Contains Element" library="Selenium2Library">
<arg>xpath=//ul[@id="ui-id-1"]/li</arg>
<doc>Waits until the element ``locator`` appears on the current page.</doc>
<status status="PASS" starttime="20231123 23:30:09.410" endtime="20231123 23:30:10.094"/>
</kw>
<kw name="Click Element" library="Selenium2Library">
<arg>xpath=//ul[@id="ui-id-1"]/li</arg>
<doc>Click the element identified by ``locator``.</doc>
<msg timestamp="20231123 23:30:10.094" level="INFO">Clicking element 'xpath=//ul[@id="ui-id-1"]/li'.</msg>
<status status="PASS" starttime="20231123 23:30:10.094" endtime="20231123 23:30:10.127"/>
</kw>
<kw name="Set Focus To Element" library="Selenium2Library">
<arg>xpath=//*[@id="7e595970-fc12-558c-9eaf-385735fcae6b"]</arg>
<doc>Sets the focus to the element identified by ``locator``.</doc>
<status status="PASS" starttime="20231123 23:30:10.127" endtime="20231123 23:30:10.144"/>
</kw>
<kw name="Select From List By Value" library="Selenium2Library">
<arg>xpath=//*[@id="7e595970-fc12-558c-9eaf-385735fcae6b"]</arg>
<arg>PH</arg>
<doc>Selects options from selection list ``locator`` by ``values``.</doc>
<msg timestamp="20231123 23:30:10.144" level="INFO">Selecting options from selection list 'xpath=//*[@id="7e595970-fc12-558c-9eaf-385735fcae6b"]' by value PH.</msg>
<status status="PASS" starttime="20231123 23:30:10.144" endtime="20231123 23:30:10.227"/>
</kw>
<kw name="Set Focus To Element" library="Selenium2Library">
<arg>xpath=//*[@id="upload_d370f504-7ff5-509f-babb-d80126387290"]/div/div/div[1]/div[2]/input</arg>
<doc>Sets the focus to the element identified by ``locator``.</doc>
<status status="PASS" starttime="20231123 23:30:10.227" endtime="20231123 23:30:10.243"/>
</kw>
<kw name="Choose File" library="Selenium2Library">
<arg>xpath=//*[@id="upload_d370f504-7ff5-509f-babb-d80126387290"]/div/div/div[1]/div[2]/input</arg>
<arg>E:\\New folder\\optimy-exams\\optimy-auto-exam/test.jpg</arg>
<doc>Inputs the ``file_path`` into the file input field ``locator``.</doc>
<msg timestamp="20231123 23:30:10.243" level="INFO">Sending E:\New folder\optimy-exams\optimy-auto-exam\test.jpg to browser.</msg>
<status status="PASS" starttime="20231123 23:30:10.243" endtime="20231123 23:30:10.277"/>
</kw>
<kw name="Set Focus To Element" library="Selenium2Library">
<arg>xpath=//*[@id="container_514632f0-b9ec-5946-997e-f486fcd8276c"]/label/div/div[1]</arg>
<doc>Sets the focus to the element identified by ``locator``.</doc>
<status status="PASS" starttime="20231123 23:30:10.277" endtime="20231123 23:30:10.293"/>
</kw>
<kw name="Click Element" library="Selenium2Library">
<arg>xpath=//*[@id="container_514632f0-b9ec-5946-997e-f486fcd8276c"]/label/div/div[1]</arg>
<doc>Click the element identified by ``locator``.</doc>
<msg timestamp="20231123 23:30:10.293" level="INFO">Clicking element 'xpath=//*[@id="container_514632f0-b9ec-5946-997e-f486fcd8276c"]/label/div/div[1]'.</msg>
<status status="PASS" starttime="20231123 23:30:10.293" endtime="20231123 23:30:10.344"/>
</kw>
<kw name="Set Focus To Element" library="Selenium2Library">
<arg>xpath=//*[@id="field_f801d7d8-0762-5407-95f9-b8c3a793157c"]</arg>
<doc>Sets the focus to the element identified by ``locator``.</doc>
<status status="PASS" starttime="20231123 23:30:10.344" endtime="20231123 23:30:10.360"/>
</kw>
<kw name="Click Element" library="Selenium2Library">
<arg>xpath=//*[@id="field_f801d7d8-0762-5407-95f9-b8c3a793157c"]</arg>
<doc>Click the element identified by ``locator``.</doc>
<msg timestamp="20231123 23:30:10.360" level="INFO">Clicking element 'xpath=//*[@id="field_f801d7d8-0762-5407-95f9-b8c3a793157c"]'.</msg>
<status status="PASS" starttime="20231123 23:30:10.360" endtime="20231123 23:30:10.410"/>
</kw>
<kw name="Click Element" library="Selenium2Library">
<arg>xpath=//*[@id="7026c894-4e85-5e16-910a-b19ca1013c74"]</arg>
<doc>Click the element identified by ``locator``.</doc>
<msg timestamp="20231123 23:30:10.425" level="INFO">Clicking element 'xpath=//*[@id="7026c894-4e85-5e16-910a-b19ca1013c74"]'.</msg>
<status status="PASS" starttime="20231123 23:30:10.410" endtime="20231123 23:30:10.461"/>
</kw>
<kw name="Click Element" library="Selenium2Library">
<arg>xpath=//*[@id="container_3fe36edc-80b0-5574-b7ad-7cfe074acfc1"]/label/div/div[1]</arg>
<doc>Click the element identified by ``locator``.</doc>
<msg timestamp="20231123 23:30:10.461" level="INFO">Clicking element 'xpath=//*[@id="container_3fe36edc-80b0-5574-b7ad-7cfe074acfc1"]/label/div/div[1]'.</msg>
<status status="PASS" starttime="20231123 23:30:10.461" endtime="20231123 23:30:10.510"/>
</kw>
<kw name="Click Element" library="Selenium2Library">
<arg>xpath=//*[@id="container_5ab6a927-7b72-5869-acc3-0db0858bc495"]/label/div/div[1]</arg>
<doc>Click the element identified by ``locator``.</doc>
<msg timestamp="20231123 23:30:10.510" level="INFO">Clicking element 'xpath=//*[@id="container_5ab6a927-7b72-5869-acc3-0db0858bc495"]/label/div/div[1]'.</msg>
<status status="PASS" starttime="20231123 23:30:10.510" endtime="20231123 23:30:10.560"/>
</kw>
<kw name="Click Element" library="Selenium2Library">
<arg>xpath=//*[@id="container_f49b4d08-527e-5edc-9acd-5386bb2e188d"]/label/div/div[1]</arg>
<doc>Click the element identified by ``locator``.</doc>
<msg timestamp="20231123 23:30:10.560" level="INFO">Clicking element 'xpath=//*[@id="container_f49b4d08-527e-5edc-9acd-5386bb2e188d"]/label/div/div[1]'.</msg>
<status status="PASS" starttime="20231123 23:30:10.560" endtime="20231123 23:30:10.610"/>
</kw>
<kw name="Set Focus To Element" library="Selenium2Library">
<arg>css=#cke_1_contents</arg>
<doc>Sets the focus to the element identified by ``locator``.</doc>
<status status="PASS" starttime="20231123 23:30:10.610" endtime="20231123 23:30:10.627"/>
</kw>
<kw name="Click Element" library="Selenium2Library">
<arg>css=#cke_1_contents</arg>
<doc>Click the element identified by ``locator``.</doc>
<msg timestamp="20231123 23:30:10.627" level="INFO">Clicking element 'css=#cke_1_contents'.</msg>
<status status="PASS" starttime="20231123 23:30:10.627" endtime="20231123 23:30:10.674"/>
</kw>
<kw name="Press Keys" library="Selenium2Library">
<arg>css=#cke_1_contents</arg>
<arg>test</arg>
<doc>Simulates the user pressing key(s) to an element or on the active browser.</doc>
<msg timestamp="20231123 23:30:10.675" level="INFO">Sending key(s) ('test',) to css=#cke_1_contents element.</msg>
<msg timestamp="20231123 23:30:10.947" level="INFO">Sending keys test</msg>
<status status="PASS" starttime="20231123 23:30:10.674" endtime="20231123 23:30:11.003"/>
</kw>
<kw name="Set Focus To Element" library="Selenium2Library">
<arg>css=#navButtonNext</arg>
<doc>Sets the focus to the element identified by ``locator``.</doc>
<status status="PASS" starttime="20231123 23:30:11.003" endtime="20231123 23:30:11.010"/>
</kw>
<kw name="Click Button" library="Selenium2Library">
<arg>css=#navButtonNext</arg>
<doc>Clicks the button identified by ``locator``.</doc>
<msg timestamp="20231123 23:30:11.010" level="INFO">Clicking button 'css=#navButtonNext'.</msg>
<status status="PASS" starttime="20231123 23:30:11.010" endtime="20231123 23:30:11.077"/>
</kw>
<status status="PASS" starttime="20231123 23:30:08.608" endtime="20231123 23:30:11.077"/>
</kw>
<kw name="And Applicant is able to validate details and send">
<kw name="Wait Until Page Contains Element" library="Selenium2Library">
<arg>css=#submitButton</arg>
<doc>Waits until the element ``locator`` appears on the current page.</doc>
<status status="PASS" starttime="20231123 23:30:11.077" endtime="20231123 23:30:17.327"/>
</kw>
<kw name="Execute Javascript" library="Selenium2Library">
<arg>window.scrollTo(0, 1500);</arg>
<doc>Executes the given JavaScript code with possible arguments.</doc>
<msg timestamp="20231123 23:30:17.327" level="INFO">Executing JavaScript:
window.scrollTo(0, 1500);
Without any arguments.</msg>
<status status="PASS" starttime="20231123 23:30:17.327" endtime="20231123 23:30:17.327"/>
</kw>
<kw name="Wait Until Element Is Enabled" library="Selenium2Library">
<arg>css=#submitButton</arg>
<doc>Waits until the element ``locator`` is enabled.</doc>
<status status="PASS" starttime="20231123 23:30:17.327" endtime="20231123 23:30:17.359"/>
</kw>
<kw name="Set Focus To Element" library="Selenium2Library">
<arg>css=#submitButton</arg>
<doc>Sets the focus to the element identified by ``locator``.</doc>
<status status="PASS" starttime="20231123 23:30:17.359" endtime="20231123 23:30:17.375"/>
</kw>
<kw name="Mouse Over" library="Selenium2Library">
<arg>xpath=//*[@id="projectForm"]/div[2]/div[2]/div[3]/div[2]</arg>
<doc>Simulates hovering the mouse over the element ``locator``.</doc>
<msg timestamp="20231123 23:30:17.375" level="INFO">Simulating Mouse Over on element 'xpath=//*[@id="projectForm"]/div[2]/div[2]/div[3]/div[2]'.</msg>
<status status="PASS" starttime="20231123 23:30:17.375" endtime="20231123 23:30:17.646"/>
</kw>
<kw name="Click Element" library="Selenium2Library">
<arg>xpath=//*[@id="projectForm"]/div[2]/div[2]/div[3]/div[2]</arg>
<doc>Click the element identified by ``locator``.</doc>
<msg timestamp="20231123 23:30:17.646" level="INFO">Clicking element 'xpath=//*[@id="projectForm"]/div[2]/div[2]/div[3]/div[2]'.</msg>
<status status="PASS" starttime="20231123 23:30:17.646" endtime="20231123 23:30:17.696"/>
</kw>
<status status="PASS" starttime="20231123 23:30:11.077" endtime="20231123 23:30:17.696"/>
</kw>
<kw name="And Applicant successfully submits the application">
<kw name="Wait Until Page Contains" library="Selenium2Library">
<arg>Thank you for submitting your project</arg>
<doc>Waits until ``text`` appears on the current page.</doc>
<status status="PASS" starttime="20231123 23:30:17.696" endtime="20231123 23:30:21.075"/>
</kw>
<status status="PASS" starttime="20231123 23:30:17.696" endtime="20231123 23:30:21.075"/>
</kw>
<kw name="And Applicant goes back to Home page">
<kw name="Click Element" library="Selenium2Library">
<arg>xpath=//*[@id="content"]/div/div/div/div/div/a</arg>
<doc>Click the element identified by ``locator``.</doc>
<msg timestamp="20231123 23:30:21.075" level="INFO">Clicking element 'xpath=//*[@id="content"]/div/div/div/div/div/a'.</msg>
<status status="PASS" starttime="20231123 23:30:21.075" endtime="20231123 23:30:22.320"/>
</kw>
<status status="PASS" starttime="20231123 23:30:21.075" endtime="20231123 23:30:22.320"/>
</kw>
<status status="PASS" starttime="20231123 23:30:00.086" endtime="20231123 23:30:22.320"/>
</iter>
<iter>
<var name="${counter}">3</var>
<kw name="Log" library="BuiltIn">
<arg>${counter}</arg>
<doc>Logs the given message with the given level.</doc>
<msg timestamp="20231123 23:30:22.320" level="INFO">3</msg>
<status status="PASS" starttime="20231123 23:30:22.320" endtime="20231123 23:30:22.320"/>
</kw>
<kw name="And Applicant continues to submmit application">
<kw name="Wait Until Page Contains Element" library="Selenium2Library">
<arg>css=.col-md-auto</arg>
<doc>Waits until the element ``locator`` appears on the current page.</doc>
<status status="PASS" starttime="20231123 23:30:22.321" endtime="20231123 23:30:22.330"/>
</kw>
<kw name="Set Focus To Element" library="Selenium2Library">
<arg>css=.col-md-auto</arg>
<doc>Sets the focus to the element identified by ``locator``.</doc>
<status status="PASS" starttime="20231123 23:30:22.330" endtime="20231123 23:30:22.340"/>
</kw>
<kw name="Click Link" library="Selenium2Library">
<arg>css=.col-md-auto</arg>
<doc>Clicks a link identified by ``locator``.</doc>
<msg timestamp="20231123 23:30:22.340" level="INFO">Clicking link 'css=.col-md-auto'.</msg>
<status status="PASS" starttime="20231123 23:30:22.340" endtime="20231123 23:30:25.060"/>
</kw>
<kw name="Run Keyword And Return Status" library="BuiltIn">
<var>${continue}</var>
<arg>Page Should Contain</arg>
<arg>Continue with the submission of the application</arg>
<doc>Runs the given keyword with given arguments and returns the status as a Boolean value.</doc>
<kw name="Page Should Contain" library="Selenium2Library">
<arg>Continue with the submission of the application</arg>
<doc>Verifies that current page contains ``text``.</doc>
<msg timestamp="20231123 23:30:25.073" level="INFO">Current page contains text 'Continue with the submission of the application'.</msg>
<status status="PASS" starttime="20231123 23:30:25.060" endtime="20231123 23:30:25.073"/>
</kw>
<msg timestamp="20231123 23:30:25.073" level="INFO">${continue} = True</msg>
<status status="PASS" starttime="20231123 23:30:25.060" endtime="20231123 23:30:25.073"/>
</kw>
<if>
<branch type="IF" condition="'${continue}'=='True'">
<kw name="Page Should Contain Element" library="Selenium2Library">
<arg>css=.btn-outline-primary</arg>
<doc>Verifies that element ``locator`` is found on the current page.</doc>
<msg timestamp="20231123 23:30:25.073" level="INFO">Current page contains element 'css=.btn-outline-primary'.</msg>
<status status="PASS" starttime="20231123 23:30:25.073" endtime="20231123 23:30:25.073"/>
</kw>
<status status="PASS" starttime="20231123 23:30:25.073" endtime="20231123 23:30:25.073"/>
</branch>
<branch type="ELSE">
<kw name="Wait Until Page Contains" library="Selenium2Library">
<arg>Continue with the submission of the application</arg>
<doc>Waits until ``text`` appears on the current page.</doc>
<status status="NOT RUN" starttime="20231123 23:30:25.073" endtime="20231123 23:30:25.073"/>
</kw>
<status status="NOT RUN" starttime="20231123 23:30:25.073" endtime="20231123 23:30:25.073"/>
</branch>
<status status="PASS" starttime="20231123 23:30:25.073" endtime="20231123 23:30:25.073"/>
</if>
<kw name="Click Element" library="Selenium2Library">
<arg>css=.btn-outline-primary</arg>
<doc>Click the element identified by ``locator``.</doc>
<msg timestamp="20231123 23:30:25.073" level="INFO">Clicking element 'css=.btn-outline-primary'.</msg>
<status status="PASS" starttime="20231123 23:30:25.073" endtime="20231123 23:30:29.739"/>
</kw>
<status status="PASS" starttime="20231123 23:30:22.321" endtime="20231123 23:30:29.739"/>
</kw>
<kw name="Then Applicant is able to fill out the form">
<kw name="Wait Until Page Contains" library="Selenium2Library">
<arg>Fill-out all forms</arg>
<doc>Waits until ``text`` appears on the current page.</doc>
<status status="PASS" starttime="20231123 23:30:29.754" endtime="20231123 23:30:29.782"/>
</kw>
<kw name="Wait Until Page Contains Element" library="Selenium2Library">
<arg>xpath=//*[@id="629d7b5a-f6a1-5a14-ac1d-21b2fafdbdef"]</arg>
<doc>Waits until the element ``locator`` appears on the current page.</doc>
<status status="PASS" starttime="20231123 23:30:29.782" endtime="20231123 23:30:29.793"/>
</kw>
<kw name="Set Focus To Element" library="Selenium2Library">
<arg>xpath=//*[@id="629d7b5a-f6a1-5a14-ac1d-21b2fafdbdef"]</arg>
<doc>Sets the focus to the element identified by ``locator``.</doc>
<status status="PASS" starttime="20231123 23:30:29.793" endtime="20231123 23:30:29.811"/>
</kw>
<kw name="Click Element" library="Selenium2Library">
<arg>xpath=//*[@id="629d7b5a-f6a1-5a14-ac1d-21b2fafdbdef"]</arg>
<doc>Click the element identified by ``locator``.</doc>
<msg timestamp="20231123 23:30:29.811" level="INFO">Clicking element 'xpath=//*[@id="629d7b5a-f6a1-5a14-ac1d-21b2fafdbdef"]'.</msg>
<status status="PASS" starttime="20231123 23:30:29.811" endtime="20231123 23:30:29.864"/>
</kw>
<kw name="Input Text" library="Selenium2Library">
<arg>xpath=//*[@id="629d7b5a-f6a1-5a14-ac1d-21b2fafdbdef"]</arg>
<arg>${personalInfo.firstName}</arg>
<doc>Types the given ``text`` into the text field identified by ``locator``.</doc>
<msg timestamp="20231123 23:30:29.864" level="INFO">Typing text 'testFN' into text field 'xpath=//*[@id="629d7b5a-f6a1-5a14-ac1d-21b2fafdbdef"]'.</msg>
<status status="PASS" starttime="20231123 23:30:29.864" endtime="20231123 23:30:29.941"/>
</kw>
<kw name="Set Focus To Element" library="Selenium2Library">
<arg>xpath=//*[@id="23e5e47e-bab1-5a1e-9929-f180182bda43"]</arg>
<doc>Sets the focus to the element identified by ``locator``.</doc>
<status status="PASS" starttime="20231123 23:30:29.941" endtime="20231123 23:30:29.967"/>
</kw>
<kw name="Click Element" library="Selenium2Library">
<arg>xpath=//*[@id="23e5e47e-bab1-5a1e-9929-f180182bda43"]</arg>
<doc>Click the element identified by ``locator``.</doc>
<msg timestamp="20231123 23:30:29.967" level="INFO">Clicking element 'xpath=//*[@id="23e5e47e-bab1-5a1e-9929-f180182bda43"]'.</msg>
<status status="PASS" starttime="20231123 23:30:29.967" endtime="20231123 23:30:30.023"/>
</kw>
<kw name="Input Text" library="Selenium2Library">
<arg>xpath=//*[@id="23e5e47e-bab1-5a1e-9929-f180182bda43"]</arg>
<arg>${personalInfo.lastName}</arg>
<doc>Types the given ``text`` into the text field identified by ``locator``.</doc>
<msg timestamp="20231123 23:30:30.024" level="INFO">Typing text 'testLN' into text field 'xpath=//*[@id="23e5e47e-bab1-5a1e-9929-f180182bda43"]'.</msg>
<status status="PASS" starttime="20231123 23:30:30.023" endtime="20231123 23:30:30.094"/>
</kw>
<kw name="Set Focus To Element" library="Selenium2Library">
<arg>xpath=//*[@id="65b3b6bd-3654-5a86-b86e-481f2bbfb391"]</arg>
<doc>Sets the focus to the element identified by ``locator``.</doc>
<status status="PASS" starttime="20231123 23:30:30.094" endtime="20231123 23:30:30.105"/>
</kw>
<kw name="Click Element" library="Selenium2Library">
<arg>xpath=//*[@id="65b3b6bd-3654-5a86-b86e-481f2bbfb391"]</arg>
<doc>Click the element identified by ``locator``.</doc>
<msg timestamp="20231123 23:30:30.105" level="INFO">Clicking element 'xpath=//*[@id="65b3b6bd-3654-5a86-b86e-481f2bbfb391"]'.</msg>
<status status="PASS" starttime="20231123 23:30:30.105" endtime="20231123 23:30:30.175"/>
</kw>
<kw name="Input Text" library="Selenium2Library">
<arg>xpath=//*[@id="65b3b6bd-3654-5a86-b86e-481f2bbfb391"]</arg>
<arg>${personalInfo.extension}</arg>
<doc>Types the given ``text`` into the text field identified by ``locator``.</doc>
<msg timestamp="20231123 23:30:30.175" level="INFO">Typing text 'testExt' into text field 'xpath=//*[@id="65b3b6bd-3654-5a86-b86e-481f2bbfb391"]'.</msg>
<status status="PASS" starttime="20231123 23:30:30.175" endtime="20231123 23:30:30.244"/>
</kw>
<kw name="Set Focus To Element" library="Selenium2Library">
<arg>xpath=//*[@id="7172c3f2-f508-5f9c-82a1-11ce9d0f3edc::c3f44a2e-72e9-587b-b88c-b5c9fbeed2db"]</arg>
<doc>Sets the focus to the element identified by ``locator``.</doc>
<status status="PASS" starttime="20231123 23:30:30.244" endtime="20231123 23:30:30.256"/>
</kw>
<kw name="Click Element" library="Selenium2Library">
<arg>xpath=//*[@id="7172c3f2-f508-5f9c-82a1-11ce9d0f3edc::c3f44a2e-72e9-587b-b88c-b5c9fbeed2db"]</arg>
<doc>Click the element identified by ``locator``.</doc>
<msg timestamp="20231123 23:30:30.256" level="INFO">Clicking element 'xpath=//*[@id="7172c3f2-f508-5f9c-82a1-11ce9d0f3edc::c3f44a2e-72e9-587b-b88c-b5c9fbeed2db"]'.</msg>
<status status="PASS" starttime="20231123 23:30:30.256" endtime="20231123 23:30:30.310"/>
</kw>
<kw name="Input Text" library="Selenium2Library">
<arg>xpath=//*[@id="7172c3f2-f508-5f9c-82a1-11ce9d0f3edc::c3f44a2e-72e9-587b-b88c-b5c9fbeed2db"]</arg>
<arg>${personalInfo.address}</arg>
<doc>Types the given ``text`` into the text field identified by ``locator``.</doc>
<msg timestamp="20231123 23:30:30.310" level="INFO">Typing text 'testAdd' into text field 'xpath=//*[@id="7172c3f2-f508-5f9c-82a1-11ce9d0f3edc::c3f44a2e-72e9-587b-b88c-b5c9fbeed2db"]'.</msg>
<status status="PASS" starttime="20231123 23:30:30.310" endtime="20231123 23:30:30.355"/>
</kw>
<kw name="Set Focus To Element" library="Selenium2Library">
<arg>xpath=//*[@id="container_e57df0b5-c2ad-514a-967f-ee8b962f5ed4"]/div/input</arg>
<doc>Sets the focus to the element identified by ``locator``.</doc>
<status status="PASS" starttime="20231123 23:30:30.355" endtime="20231123 23:30:30.391"/>
</kw>
<kw name="Click Element" library="Selenium2Library">
[...]
</kw>
<msg timestamp="20231123 23:32:32.219" level="INFO">${continue} = True</msg>
<status status="PASS" starttime="20231123 23:32:32.203" endtime="20231123 23:32:32.219"/>
</kw>
<if>
<branch type="IF" condition="'${continue}'=='True'">
<kw name="Page Should Contain Element" library="Selenium2Library">
<arg>css=.btn-outline-primary</arg>
<doc>Verifies that element ``locator`` is found on the current page.</doc>
<msg timestamp="20231123 23:32:32.230" level="INFO">Current page contains element 'css=.btn-outline-primary'.</msg>
<status status="PASS" starttime="20231123 23:32:32.219" endtime="20231123 23:32:32.230"/>
</kw>
<status status="PASS" starttime="20231123 23:32:32.219" endtime="20231123 23:32:32.230"/>
</branch>
<branch type="ELSE">
<kw name="Wait Until Page Contains" library="Selenium2Library">
<arg>Continue with the submission of the application</arg>
<doc>Waits until ``text`` appears on the current page.</doc>
<status status="NOT RUN" starttime="20231123 23:32:32.230" endtime="20231123 23:32:32.230"/>
</kw>
<status status="NOT RUN" starttime="20231123 23:32:32.230" endtime="20231123 23:32:32.230"/>
</branch>
<status status="PASS" starttime="20231123 23:32:32.219" endtime="20231123 23:32:32.230"/>
</if>
<kw name="Click Element" library="Selenium2Library">
<arg>css=.btn-outline-primary</arg>
<doc>Click the element identified by ``locator``.</doc>
<msg timestamp="20231123 23:32:32.230" level="INFO">Clicking element 'css=.btn-outline-primary'.</msg>
<status status="PASS" starttime="20231123 23:32:32.230" endtime="20231123 23:32:37.143"/>
</kw>
<status status="PASS" starttime="20231123 23:32:29.168" endtime="20231123 23:32:37.143"/>
</kw>
<kw name="Then Applicant is able to fill out the form">
<kw name="Wait Until Page Contains" library="Selenium2Library">
<arg>Fill-out all forms</arg>
<doc>Waits until ``text`` appears on the current page.</doc>
<status status="PASS" starttime="20231123 23:32:37.144" endtime="20231123 23:32:37.161"/>
</kw>
<kw name="Wait Until Page Contains Element" library="Selenium2Library">
<arg>xpath=//*[@id="629d7b5a-f6a1-5a14-ac1d-21b2fafdbdef"]</arg>
<doc>Waits until the element ``locator`` appears on the current page.</doc>
<status status="PASS" starttime="20231123 23:32:37.161" endtime="20231123 23:32:37.221"/>
</kw>
<kw name="Set Focus To Element" library="Selenium2Library">
<arg>xpath=//*[@id="629d7b5a-f6a1-5a14-ac1d-21b2fafdbdef"]</arg>
<doc>Sets the focus to the element identified by ``locator``.</doc>
<status status="PASS" starttime="20231123 23:32:37.221" endtime="20231123 23:32:37.247"/>
</kw>
<kw name="Click Element" library="Selenium2Library">
<arg>xpath=//*[@id="629d7b5a-f6a1-5a14-ac1d-21b2fafdbdef"]</arg>
<doc>Click the element identified by ``locator``.</doc>
<msg timestamp="20231123 23:32:37.248" level="INFO">Clicking element 'xpath=//*[@id="629d7b5a-f6a1-5a14-ac1d-21b2fafdbdef"]'.</msg>
<status status="PASS" starttime="20231123 23:32:37.247" endtime="20231123 23:32:37.300"/>
</kw>
<kw name="Input Text" library="Selenium2Library">
<arg>xpath=//*[@id="629d7b5a-f6a1-5a14-ac1d-21b2fafdbdef"]</arg>
<arg>${personalInfo.firstName}</arg>
<doc>Types the given ``text`` into the text field identified by ``locator``.</doc>
<msg timestamp="20231123 23:32:37.300" level="INFO">Typing text 'testFN' into text field 'xpath=//*[@id="629d7b5a-f6a1-5a14-ac1d-21b2fafdbdef"]'.</msg>
<status status="PASS" starttime="20231123 23:32:37.300" endtime="20231123 23:32:37.360"/>
</kw>
<kw name="Set Focus To Element" library="Selenium2Library">
<arg>xpath=//*[@id="23e5e47e-bab1-5a1e-9929-f180182bda43"]</arg>
<doc>Sets the focus to the element identified by ``locator``.</doc>
<status status="PASS" starttime="20231123 23:32:37.360" endtime="20231123 23:32:37.394"/>
</kw>
<kw name="Click Element" library="Selenium2Library">
<arg>xpath=//*[@id="23e5e47e-bab1-5a1e-9929-f180182bda43"]</arg>
<doc>Click the element identified by ``locator``.</doc>
<msg timestamp="20231123 23:32:37.394" level="INFO">Clicking element 'xpath=//*[@id="23e5e47e-bab1-5a1e-9929-f180182bda43"]'.</msg>
<status status="PASS" starttime="20231123 23:32:37.394" endtime="20231123 23:32:37.446"/>
</kw>
<kw name="Input Text" library="Selenium2Library">
<arg>xpath=//*[@id="23e5e47e-bab1-5a1e-9929-f180182bda43"]</arg>
<arg>${personalInfo.lastName}</arg>
<doc>Types the given ``text`` into the text field identified by ``locator``.</doc>
<msg timestamp="20231123 23:32:37.462" level="INFO">Typing text 'testLN' into text field 'xpath=//*[@id="23e5e47e-bab1-5a1e-9929-f180182bda43"]'.</msg>
<status status="PASS" starttime="20231123 23:32:37.446" endtime="20231123 23:32:37.528"/>
</kw>
<kw name="Set Focus To Element" library="Selenium2Library">
<arg>xpath=//*[@id="65b3b6bd-3654-5a86-b86e-481f2bbfb391"]</arg>
<doc>Sets the focus to the element identified by ``locator``.</doc>
<status status="PASS" starttime="20231123 23:32:37.528" endtime="20231123 23:32:37.560"/>
</kw>
<kw name="Click Element" library="Selenium2Library">
<arg>xpath=//*[@id="65b3b6bd-3654-5a86-b86e-481f2bbfb391"]</arg>
<doc>Click the element identified by ``locator``.</doc>
<msg timestamp="20231123 23:32:37.561" level="INFO">Clicking element 'xpath=//*[@id="65b3b6bd-3654-5a86-b86e-481f2bbfb391"]'.</msg>
<status status="PASS" starttime="20231123 23:32:37.560" endtime="20231123 23:32:37.618"/>
</kw>
<kw name="Input Text" library="Selenium2Library">
<arg>xpath=//*[@id="65b3b6bd-3654-5a86-b86e-481f2bbfb391"]</arg>
<arg>${personalInfo.extension}</arg>
<doc>Types the given ``text`` into the text field identified by ``locator``.</doc>
<msg timestamp="20231123 23:32:37.618" level="INFO">Typing text 'testExt' into text field 'xpath=//*[@id="65b3b6bd-3654-5a86-b86e-481f2bbfb391"]'.</msg>
<status status="PASS" starttime="20231123 23:32:37.618" endtime="20231123 23:32:37.678"/>
</kw>
<kw name="Set Focus To Element" library="Selenium2Library">
<arg>xpath=//*[@id="7172c3f2-f508-5f9c-82a1-11ce9d0f3edc::c3f44a2e-72e9-587b-b88c-b5c9fbeed2db"]</arg>
<doc>Sets the focus to the element identified by ``locator``.</doc>
<status status="PASS" starttime="20231123 23:32:37.678" endtime="20231123 23:32:37.711"/>
</kw>
<kw name="Click Element" library="Selenium2Library">
<arg>xpath=//*[@id="7172c3f2-f508-5f9c-82a1-11ce9d0f3edc::c3f44a2e-72e9-587b-b88c-b5c9fbeed2db"]</arg>
<doc>Click the element identified by ``locator``.</doc>
<msg timestamp="20231123 23:32:37.711" level="INFO">Clicking element 'xpath=//*[@id="7172c3f2-f508-5f9c-82a1-11ce9d0f3edc::c3f44a2e-72e9-587b-b88c-b5c9fbeed2db"]'.</msg>
<status status="PASS" starttime="20231123 23:32:37.711" endtime="20231123 23:32:37.746"/>
</kw>
<kw name="Input Text" library="Selenium2Library">
<arg>xpath=//*[@id="7172c3f2-f508-5f9c-82a1-11ce9d0f3edc::c3f44a2e-72e9-587b-b88c-b5c9fbeed2db"]</arg>
<arg>${personalInfo.address}</arg>
<doc>Types the given ``text`` into the text field identified by ``locator``.</doc>
<msg timestamp="20231123 23:32:37.746" level="INFO">Typing text 'testAdd' into text field 'xpath=//*[@id="7172c3f2-f508-5f9c-82a1-11ce9d0f3edc::c3f44a2e-72e9-587b-b88c-b5c9fbeed2db"]'.</msg>
<status status="PASS" starttime="20231123 23:32:37.746" endtime="20231123 23:32:37.811"/>
</kw>
<kw name="Set Focus To Element" library="Selenium2Library">
<arg>xpath=//*[@id="container_e57df0b5-c2ad-514a-967f-ee8b962f5ed4"]/div/input</arg>
<doc>Sets the focus to the element identified by ``locator``.</doc>
<status status="PASS" starttime="20231123 23:32:37.811" endtime="20231123 23:32:37.827"/>
</kw>
<kw name="Click Element" library="Selenium2Library">
<arg>xpath=//*[@id="container_e57df0b5-c2ad-514a-967f-ee8b962f5ed4"]/div/input</arg>
<doc>Click the element identified by ``locator``.</doc>
<msg timestamp="20231123 23:32:37.827" level="INFO">Clicking element 'xpath=//*[@id="container_e57df0b5-c2ad-514a-967f-ee8b962f5ed4"]/div/input'.</msg>
<status status="PASS" starttime="20231123 23:32:37.827" endtime="20231123 23:32:37.877"/>
</kw>
<kw name="Input Text" library="Selenium2Library">
<arg>xpath=//*[@id="container_e57df0b5-c2ad-514a-967f-ee8b962f5ed4"]/div/input</arg>
<arg>1000${SPACE}</arg>
<doc>Types the given ``text`` into the text field identified by ``locator``.</doc>
<msg timestamp="20231123 23:32:37.877" level="INFO">Typing text '1000 ' into text field 'xpath=//*[@id="container_e57df0b5-c2ad-514a-967f-ee8b962f5ed4"]/div/input'.</msg>
<status status="PASS" starttime="20231123 23:32:37.877" endtime="20231123 23:32:37.943"/>
</kw>
<kw name="Wait Until Page Contains Element" library="Selenium2Library">
<arg>xpath=//ul[@id="ui-id-1"]/li</arg>
<doc>Waits until the element ``locator`` appears on the current page.</doc>
<status status="PASS" starttime="20231123 23:32:37.943" endtime="20231123 23:32:38.611"/>
</kw>
<kw name="Click Element" library="Selenium2Library">
<arg>xpath=//ul[@id="ui-id-1"]/li</arg>
<doc>Click the element identified by ``locator``.</doc>
<msg timestamp="20231123 23:32:38.611" level="INFO">Clicking element 'xpath=//ul[@id="ui-id-1"]/li'.</msg>
<status status="PASS" starttime="20231123 23:32:38.611" endtime="20231123 23:32:38.647"/>
</kw>
<kw name="Set Focus To Element" library="Selenium2Library">
<arg>xpath=//*[@id="7e595970-fc12-558c-9eaf-385735fcae6b"]</arg>
<doc>Sets the focus to the element identified by ``locator``.</doc>
<status status="PASS" starttime="20231123 23:32:38.647" endtime="20231123 23:32:38.683"/>
</kw>
<kw name="Select From List By Value" library="Selenium2Library">
<arg>xpath=//*[@id="7e595970-fc12-558c-9eaf-385735fcae6b"]</arg>
<arg>PH</arg>
<doc>Selects options from selection list ``locator`` by ``values``.</doc>
<msg timestamp="20231123 23:32:38.683" level="INFO">Selecting options from selection list 'xpath=//*[@id="7e595970-fc12-558c-9eaf-385735fcae6b"]' by value PH.</msg>
<status status="PASS" starttime="20231123 23:32:38.683" endtime="20231123 23:32:38.747"/>
</kw>
<kw name="Set Focus To Element" library="Selenium2Library">
<arg>xpath=//*[@id="upload_d370f504-7ff5-509f-babb-d80126387290"]/div/div/div[1]/div[2]/input</arg>
<doc>Sets the focus to the element identified by ``locator``.</doc>
<status status="PASS" starttime="20231123 23:32:38.747" endtime="20231123 23:32:38.762"/>
</kw>
<kw name="Choose File" library="Selenium2Library">
<arg>xpath=//*[@id="upload_d370f504-7ff5-509f-babb-d80126387290"]/div/div/div[1]/div[2]/input</arg>
<arg>E:\\New folder\\optimy-exams\\optimy-auto-exam/test.jpg</arg>
<doc>Inputs the ``file_path`` into the file input field ``locator``.</doc>
<msg timestamp="20231123 23:32:38.762" level="INFO">Sending E:\New folder\optimy-exams\optimy-auto-exam\test.jpg to browser.</msg>
<status status="PASS" starttime="20231123 23:32:38.762" endtime="20231123 23:32:38.795"/>
</kw>
<kw name="Set Focus To Element" library="Selenium2Library">
<arg>xpath=//*[@id="container_514632f0-b9ec-5946-997e-f486fcd8276c"]/label/div/div[1]</arg>
<doc>Sets the focus to the element identified by ``locator``.</doc>
<status status="PASS" starttime="20231123 23:32:38.795" endtime="20231123 23:32:38.815"/>
</kw>
<kw name="Click Element" library="Selenium2Library">
<arg>xpath=//*[@id="container_514632f0-b9ec-5946-997e-f486fcd8276c"]/label/div/div[1]</arg>
<doc>Click the element identified by ``locator``.</doc>
<msg timestamp="20231123 23:32:38.815" level="INFO">Clicking element 'xpath=//*[@id="container_514632f0-b9ec-5946-997e-f486fcd8276c"]/label/div/div[1]'.</msg>
<status status="PASS" starttime="20231123 23:32:38.815" endtime="20231123 23:32:38.886"/>
</kw>
<kw name="Set Focus To Element" library="Selenium2Library">
<arg>xpath=//*[@id="field_f801d7d8-0762-5407-95f9-b8c3a793157c"]</arg>
<doc>Sets the focus to the element identified by ``locator``.</doc>
<status status="PASS" starttime="20231123 23:32:38.886" endtime="20231123 23:32:38.897"/>
</kw>
<kw name="Click Element" library="Selenium2Library">
<arg>xpath=//*[@id="field_f801d7d8-0762-5407-95f9-b8c3a793157c"]</arg>
<doc>Click the element identified by ``locator``.</doc>
<msg timestamp="20231123 23:32:38.897" level="INFO">Clicking element 'xpath=//*[@id="field_f801d7d8-0762-5407-95f9-b8c3a793157c"]'.</msg>
<status status="PASS" starttime="20231123 23:32:38.897" endtime="20231123 23:32:38.965"/>
</kw>
<kw name="Click Element" library="Selenium2Library">
<arg>xpath=//*[@id="7026c894-4e85-5e16-910a-b19ca1013c74"]</arg>
<doc>Click the element identified by ``locator``.</doc>
<msg timestamp="20231123 23:32:38.965" level="INFO">Clicking element 'xpath=//*[@id="7026c894-4e85-5e16-910a-b19ca1013c74"]'.</msg>
<status status="PASS" starttime="20231123 23:32:38.965" endtime="20231123 23:32:39.002"/>
</kw>
<kw name="Click Element" library="Selenium2Library">
<arg>xpath=//*[@id="container_3fe36edc-80b0-5574-b7ad-7cfe074acfc1"]/label/div/div[1]</arg>
<doc>Click the element identified by ``locator``.</doc>
<msg timestamp="20231123 23:32:39.002" level="INFO">Clicking element 'xpath=//*[@id="container_3fe36edc-80b0-5574-b7ad-7cfe074acfc1"]/label/div/div[1]'.</msg>
<status status="PASS" starttime="20231123 23:32:39.002" endtime="20231123 23:32:39.068"/>
</kw>
<kw name="Click Element" library="Selenium2Library">
<arg>xpath=//*[@id="container_5ab6a927-7b72-5869-acc3-0db0858bc495"]/label/div/div[1]</arg>
<doc>Click the element identified by ``locator``.</doc>
<msg timestamp="20231123 23:32:39.068" level="INFO">Clicking element 'xpath=//*[@id="container_5ab6a927-7b72-5869-acc3-0db0858bc495"]/label/div/div[1]'.</msg>
<status status="PASS" starttime="20231123 23:32:39.068" endtime="20231123 23:32:39.116"/>
</kw>
<kw name="Click Element" library="Selenium2Library">
<arg>xpath=//*[@id="container_f49b4d08-527e-5edc-9acd-5386bb2e188d"]/label/div/div[1]</arg>
<doc>Click the element identified by ``locator``.</doc>
<msg timestamp="20231123 23:32:39.116" level="INFO">Clicking element 'xpath=//*[@id="container_f49b4d08-527e-5edc-9acd-5386bb2e188d"]/label/div/div[1]'.</msg>
<status status="PASS" starttime="20231123 23:32:39.116" endtime="20231123 23:32:39.171"/>
</kw>
<kw name="Set Focus To Element" library="Selenium2Library">
<arg>css=#cke_1_contents</arg>
<doc>Sets the focus to the element identified by ``locator``.</doc>
<status status="PASS" starttime="20231123 23:32:39.171" endtime="20231123 23:32:39.178"/>
</kw>
<kw name="Click Element" library="Selenium2Library">
<arg>css=#cke_1_contents</arg>
<doc>Click the element identified by ``locator``.</doc>
<msg timestamp="20231123 23:32:39.178" level="INFO">Clicking element 'css=#cke_1_contents'.</msg>
<status status="PASS" starttime="20231123 23:32:39.178" endtime="20231123 23:32:39.214"/>
</kw>
<kw name="Press Keys" library="Selenium2Library">
<arg>css=#cke_1_contents</arg>
<arg>test</arg>
<doc>Simulates the user pressing key(s) to an element or on the active browser.</doc>
<msg timestamp="20231123 23:32:39.214" level="INFO">Sending key(s) ('test',) to css=#cke_1_contents element.</msg>
<msg timestamp="20231123 23:32:39.495" level="INFO">Sending keys test</msg>
<status status="PASS" starttime="20231123 23:32:39.214" endtime="20231123 23:32:39.524"/>
</kw>
<kw name="Set Focus To Element" library="Selenium2Library">
<arg>css=#navButtonNext</arg>
<doc>Sets the focus to the element identified by ``locator``.</doc>
<status status="PASS" starttime="20231123 23:32:39.524" endtime="20231123 23:32:39.543"/>
</kw>
<kw name="Click Button" library="Selenium2Library">
<arg>css=#navButtonNext</arg>
<doc>Clicks the button identified by ``locator``.</doc>
<msg timestamp="20231123 23:32:39.543" level="INFO">Clicking button 'css=#navButtonNext'.</msg>
<status status="PASS" starttime="20231123 23:32:39.543" endtime="20231123 23:32:39.595"/>
</kw>
<status status="PASS" starttime="20231123 23:32:37.143" endtime="20231123 23:32:39.595"/>
</kw>
<kw name="And Applicant is able to validate details and send">
<kw name="Wait Until Page Contains Element" library="Selenium2Library">
<arg>css=#submitButton</arg>
<doc>Waits until the element ``locator`` appears on the current page.</doc>
<status status="PASS" starttime="20231123 23:32:39.595" endtime="20231123 23:32:45.577"/>
</kw>
<kw name="Execute Javascript" library="Selenium2Library">
<arg>window.scrollTo(0, 1500);</arg>
<doc>Executes the given JavaScript code with possible arguments.</doc>
<msg timestamp="20231123 23:32:45.577" level="INFO">Executing JavaScript:
window.scrollTo(0, 1500);
Without any arguments.</msg>
<status status="PASS" starttime="20231123 23:32:45.577" endtime="20231123 23:32:45.577"/>
</kw>
<kw name="Wait Until Element Is Enabled" library="Selenium2Library">
<arg>css=#submitButton</arg>
<doc>Waits until the element ``locator`` is enabled.</doc>
<status status="PASS" starttime="20231123 23:32:45.577" endtime="20231123 23:32:45.609"/>
</kw>
<kw name="Set Focus To Element" library="Selenium2Library">
<arg>css=#submitButton</arg>
<doc>Sets the focus to the element identified by ``locator``.</doc>
<status status="PASS" starttime="20231123 23:32:45.609" endtime="20231123 23:32:45.625"/>
</kw>
<kw name="Mouse Over" library="Selenium2Library">
<arg>xpath=//*[@id="projectForm"]/div[2]/div[2]/div[3]/div[2]</arg>
<doc>Simulates hovering the mouse over the element ``locator``.</doc>
<msg timestamp="20231123 23:32:45.625" level="INFO">Simulating Mouse Over on element 'xpath=//*[@id="projectForm"]/div[2]/div[2]/div[3]/div[2]'.</msg>
<status status="PASS" starttime="20231123 23:32:45.625" endtime="20231123 23:32:45.914"/>
</kw>
<kw name="Click Element" library="Selenium2Library">
<arg>xpath=//*[@id="projectForm"]/div[2]/div[2]/div[3]/div[2]</arg>
<doc>Click the element identified by ``locator``.</doc>
<msg timestamp="20231123 23:32:45.917" level="INFO">Clicking element 'xpath=//*[@id="projectForm"]/div[2]/div[2]/div[3]/div[2]'.</msg>
<status status="PASS" starttime="20231123 23:32:45.915" endtime="20231123 23:32:45.972"/>
</kw>
<status status="PASS" starttime="20231123 23:32:39.595" endtime="20231123 23:32:45.972"/>
</kw>
<kw name="And Applicant successfully submits the application">
<kw name="Wait Until Page Contains" library="Selenium2Library">
<arg>Thank you for submitting your project</arg>
<doc>Waits until ``text`` appears on the current page.</doc>
<status status="PASS" starttime="20231123 23:32:45.972" endtime="20231123 23:32:49.260"/>
</kw>
<status status="PASS" starttime="20231123 23:32:45.972" endtime="20231123 23:32:49.260"/>
</kw>
<kw name="And Applicant goes back to Home page">
<kw name="Click Element" library="Selenium2Library">
<arg>xpath=//*[@id="content"]/div/div/div/div/div/a</arg>
<doc>Click the element identified by ``locator``.</doc>
<msg timestamp="20231123 23:32:49.260" level="INFO">Clicking element 'xpath=//*[@id="content"]/div/div/div/div/div/a'.</msg>
<status status="PASS" starttime="20231123 23:32:49.260" endtime="20231123 23:32:50.516"/>
</kw>
<status status="PASS" starttime="20231123 23:32:49.260" endtime="20231123 23:32:50.516"/>
</kw>
<status status="PASS" starttime="20231123 23:32:29.168" endtime="20231123 23:32:50.516"/>
</iter>
<status status="PASS" starttime="20231123 23:29:17.375" endtime="20231123 23:32:50.517"/>
</for>
<status status="PASS" starttime="20231123 23:29:17.374" endtime="20231123 23:32:50.517"/>
</kw>
<tag>submit_ten_times</tag>
<status status="PASS" starttime="20231123 23:29:06.797" endtime="20231123 23:32:50.518"/>
</test>
<status status="PASS" starttime="20231123 23:29:06.571" endtime="20231123 23:32:50.523"/>
</suite>
<statistics>
<total>
<stat pass="1" fail="0" skip="0">All Tests</stat>
</total>
<tag>
<stat pass="1" fail="0" skip="0">submit_ten_times</stat>
</tag>
<suite>
<stat pass="1" fail="0" skip="0" id="s1" name="Optimy-Automation-Tester">Optimy-Automation-Tester</stat>
</suite>
</statistics>
<errors>
</errors>
</robot>
